TN:
SF:app.js
FN:7,(anonymous_0)
FN:11,(anonymous_1)
FN:17,(anonymous_2)
FN:25,(anonymous_3)
FN:27,(anonymous_4)
FN:35,(anonymous_5)
FNF:6
FNH:0
FNDA:0,(anonymous_0)
FNDA:0,(anonymous_1)
FNDA:0,(anonymous_2)
FNDA:0,(anonymous_3)
FNDA:0,(anonymous_4)
FNDA:0,(anonymous_5)
DA:4,0
DA:5,0
DA:7,0
DA:8,0
DA:11,0
DA:17,0
DA:18,0
DA:19,0
DA:21,0
DA:25,0
DA:26,0
DA:27,0
DA:28,0
DA:29,0
DA:31,0
DA:35,0
DA:36,0
LF:17
LH:0
BRDA:18,0,0,0
BRDA:18,0,1,0
BRDA:28,1,0,0
BRDA:28,1,1,0
BRF:4
BRH:0
end_of_record
TN:
SF:start.js
FNF:0
FNH:0
DA:1,0
DA:7,0
LF:2
LH:0
BRF:0
BRH:0
end_of_record
TN:
SF:mochawesome-report/assets/app.js
FN:2,(anonymous_0)
FN:2,n
FN:2,(anonymous_2)
FN:2,(anonymous_3)
FN:2,(anonymous_4)
FN:2,(anonymous_5)
FN:2,(anonymous_6)
FN:2,(anonymous_7)
FN:2,(anonymous_8)
FN:2,(anonymous_9)
FN:2,(anonymous_10)
FN:2,(anonymous_11)
FN:2,(anonymous_12)
FN:2,S
FN:2,(anonymous_14)
FN:2,(anonymous_15)
FN:2,(anonymous_16)
FN:2,(anonymous_17)
FN:2,(anonymous_18)
FN:2,(anonymous_19)
FN:2,(anonymous_20)
FN:2,(anonymous_21)
FN:2,o
FN:2,(anonymous_23)
FN:2,(anonymous_24)
FN:2,(anonymous_25)
FN:2,(anonymous_26)
FN:2,(anonymous_27)
FN:2,(anonymous_28)
FN:2,(anonymous_29)
FN:2,(anonymous_30)
FN:2,(anonymous_31)
FN:2,(anonymous_32)
FN:2,(anonymous_33)
FN:2,(anonymous_34)
FN:2,(anonymous_35)
FN:2,(anonymous_36)
FN:2,(anonymous_37)
FN:2,(anonymous_38)
FN:2,(anonymous_39)
FN:2,(anonymous_40)
FN:2,(anonymous_41)
FN:2,(anonymous_42)
FN:2,(anonymous_43)
FN:2,a
FN:2,(anonymous_45)
FN:2,s
FN:2,c
FN:2,f
FN:2,d
FN:2,p
FN:2,(anonymous_51)
FN:2,(anonymous_52)
FN:2,m
FN:2,v
FN:2,g
FN:2,y
FN:2,(anonymous_57)
FN:2,b
FN:2,_
FN:2,w
FN:2,(anonymous_61)
FN:2,e
FN:2,(anonymous_63)
FN:2,(anonymous_64)
FN:2,(anonymous_65)
FN:2,(anonymous_66)
FN:2,(anonymous_67)
FN:2,(anonymous_68)
FN:2,(anonymous_69)
FN:2,(anonymous_70)
FN:2,(anonymous_71)
FN:2,S
FN:2,(anonymous_73)
FN:2,(anonymous_74)
FN:2,(anonymous_75)
FN:2,(anonymous_76)
FN:2,M
FN:2,(anonymous_78)
FN:2,(anonymous_79)
FN:2,j
FN:2,D
FN:2,(anonymous_82)
FN:2,(anonymous_83)
FN:2,A
FN:2,I
FN:2,R
FN:2,z
FN:2,(anonymous_88)
FN:2,L
FN:2,(anonymous_90)
FN:2,(anonymous_91)
FN:2,W
FN:2,(anonymous_93)
FN:2,(anonymous_94)
FN:2,(anonymous_95)
FN:2,(anonymous_96)
FN:2,(anonymous_97)
FN:2,(anonymous_98)
FN:2,q
FN:2,(anonymous_100)
FN:2,(anonymous_101)
FN:2,G
FN:2,(anonymous_103)
FN:2,X
FN:2,(anonymous_105)
FN:2,K
FN:2,J
FN:2,Z
FN:2,ee
FN:2,(anonymous_110)
FN:2,t
FN:2,(anonymous_112)
FN:2,n
FN:2,(anonymous_114)
FN:2,(anonymous_115)
FN:2,(anonymous_116)
FN:2,(anonymous_117)
FN:2,(anonymous_118)
FN:2,(anonymous_119)
FN:2,(anonymous_120)
FN:2,(anonymous_121)
FN:2,(anonymous_122)
FN:2,(anonymous_123)
FN:2,(anonymous_124)
FN:2,(anonymous_125)
FN:2,e
FN:2,(anonymous_127)
FN:2,(anonymous_128)
FN:2,(anonymous_129)
FN:2,(anonymous_130)
FN:2,(anonymous_131)
FN:2,(anonymous_132)
FN:2,(anonymous_133)
FN:2,(anonymous_134)
FN:2,(anonymous_135)
FN:2,(anonymous_136)
FN:2,(anonymous_137)
FN:2,(anonymous_138)
FN:2,(anonymous_139)
FN:2,(anonymous_140)
FN:2,(anonymous_141)
FN:2,(anonymous_142)
FN:2,(anonymous_143)
FN:2,(anonymous_144)
FN:2,(anonymous_145)
FN:2,(anonymous_146)
FN:2,(anonymous_147)
FN:2,(anonymous_148)
FN:2,(anonymous_149)
FN:2,(anonymous_150)
FN:2,le
FN:2,ue
FN:2,ce
FN:2,fe
FN:2,(anonymous_155)
FN:2,de
FN:2,pe
FN:2,he
FN:2,me
FN:2,ve
FN:2,(anonymous_161)
FN:2,(anonymous_162)
FN:2,(anonymous_163)
FN:2,we
FN:2,xe
FN:2,Ee
FN:2,ke
FN:2,Se
FN:2,Oe
FN:2,Te
FN:2,Ne
FN:2,Ce
FN:2,(anonymous_173)
FN:2,(anonymous_174)
FN:2,e
FN:2,(anonymous_176)
FN:2,(anonymous_177)
FN:2,(anonymous_178)
FN:2,(anonymous_179)
FN:2,(anonymous_180)
FN:2,(anonymous_181)
FN:2,(anonymous_182)
FN:2,(anonymous_183)
FN:2,(anonymous_184)
FN:2,(anonymous_185)
FN:2,(anonymous_186)
FN:2,(anonymous_187)
FN:2,(anonymous_188)
FN:2,je
FN:2,De
FN:2,Ie
FN:2,(anonymous_192)
FN:2,(anonymous_193)
FN:2,Re
FN:2,(anonymous_195)
FN:2,ze
FN:2,Fe
FN:2,(anonymous_198)
FN:2,(anonymous_199)
FN:2,Le
FN:2,(anonymous_201)
FN:2,(anonymous_202)
FN:2,(anonymous_203)
FN:2,(anonymous_204)
FN:2,Be
FN:2,He
FN:2,(anonymous_207)
FN:2,(anonymous_208)
FN:2,(anonymous_209)
FN:2,a
FN:2,(anonymous_211)
FN:2,(anonymous_212)
FN:2,(anonymous_213)
FN:2,(anonymous_214)
FN:2,(anonymous_215)
FN:2,We
FN:2,(anonymous_217)
FN:2,Ye
FN:2,(anonymous_219)
FN:2,(anonymous_220)
FN:2,v
FN:2,(anonymous_222)
FN:2,$e
FN:2,(anonymous_224)
FN:2,qe
FN:2,Qe
FN:2,Ge
FN:2,Xe
FN:2,Ke
FN:2,(anonymous_230)
FN:2,Je
FN:2,Ze
FN:2,et
FN:2,tt
FN:2,nt
FN:2,rt
FN:2,(anonymous_237)
FN:2,(anonymous_238)
FN:2,(anonymous_239)
FN:2,(anonymous_240)
FN:2,(anonymous_241)
FN:2,(anonymous_242)
FN:2,it
FN:2,at
FN:2,st
FN:2,(anonymous_246)
FN:2,lt
FN:2,ut
FN:2,ct
FN:2,(anonymous_250)
FN:2,ft
FN:2,(anonymous_252)
FN:2,(anonymous_253)
FN:2,(anonymous_254)
FN:2,pt
FN:2,(anonymous_256)
FN:2,e
FN:2,(anonymous_258)
FN:2,(anonymous_259)
FN:2,(anonymous_260)
FN:2,(anonymous_261)
FN:2,(anonymous_262)
FN:2,(anonymous_263)
FN:2,(anonymous_264)
FN:2,(anonymous_265)
FN:2,(anonymous_266)
FN:2,(anonymous_267)
FN:2,(anonymous_268)
FN:2,(anonymous_269)
FN:2,(anonymous_270)
FN:2,(anonymous_271)
FN:2,(anonymous_272)
FN:2,(anonymous_273)
FN:2,(anonymous_274)
FN:2,(anonymous_275)
FN:2,(anonymous_276)
FN:2,(anonymous_277)
FN:2,(anonymous_278)
FN:2,(anonymous_279)
FN:2,(anonymous_280)
FN:2,(anonymous_281)
FN:2,(anonymous_282)
FN:2,(anonymous_283)
FN:2,(anonymous_284)
FN:2,(anonymous_285)
FN:2,(anonymous_286)
FN:2,(anonymous_287)
FN:2,(anonymous_288)
FN:2,(anonymous_289)
FN:2,(anonymous_290)
FN:2,yt
FN:2,(anonymous_292)
FN:2,e
FN:2,(anonymous_294)
FN:2,(anonymous_295)
FN:2,(anonymous_296)
FN:2,(anonymous_297)
FN:2,(anonymous_298)
FN:2,(anonymous_299)
FN:2,(anonymous_300)
FN:2,(anonymous_301)
FN:2,(anonymous_302)
FN:2,(anonymous_303)
FN:2,(anonymous_304)
FN:2,(anonymous_305)
FN:2,(anonymous_306)
FN:2,(anonymous_307)
FN:2,(anonymous_308)
FN:2,(anonymous_309)
FN:2,(anonymous_310)
FN:2,(anonymous_311)
FN:2,(anonymous_312)
FN:2,(anonymous_313)
FN:2,(anonymous_314)
FN:2,(anonymous_315)
FN:2,(anonymous_316)
FN:2,(anonymous_317)
FN:2,(anonymous_318)
FN:2,(anonymous_319)
FN:2,(anonymous_320)
FN:2,(anonymous_321)
FN:2,(anonymous_322)
FN:2,(anonymous_323)
FN:2,(anonymous_324)
FN:2,(anonymous_325)
FN:2,(anonymous_326)
FN:2,(anonymous_327)
FN:2,(anonymous_328)
FN:2,(anonymous_329)
FN:2,(anonymous_330)
FN:2,(anonymous_331)
FN:2,(anonymous_332)
FN:2,(anonymous_333)
FN:2,e
FN:2,(anonymous_335)
FN:2,(anonymous_336)
FN:2,(anonymous_337)
FN:2,(anonymous_338)
FN:2,(anonymous_339)
FN:2,(anonymous_340)
FN:2,(anonymous_341)
FN:2,(anonymous_342)
FN:2,(anonymous_343)
FN:2,(anonymous_344)
FN:2,(anonymous_345)
FN:2,(anonymous_346)
FN:2,(anonymous_347)
FN:2,(anonymous_348)
FN:2,(anonymous_349)
FN:2,(anonymous_350)
FN:2,(anonymous_351)
FN:2,(anonymous_352)
FN:2,(anonymous_353)
FN:2,(anonymous_354)
FN:2,(anonymous_355)
FN:2,(anonymous_356)
FN:2,(anonymous_357)
FN:2,(anonymous_358)
FN:2,(anonymous_359)
FN:2,(anonymous_360)
FN:2,e
FN:2,(anonymous_362)
FN:2,(anonymous_363)
FN:2,(anonymous_364)
FN:2,(anonymous_365)
FN:2,(anonymous_366)
FN:2,(anonymous_367)
FN:2,(anonymous_368)
FN:2,(anonymous_369)
FN:2,(anonymous_370)
FN:2,(anonymous_371)
FN:2,(anonymous_372)
FN:2,(anonymous_373)
FN:2,(anonymous_374)
FN:2,(anonymous_375)
FN:2,(anonymous_376)
FN:2,(anonymous_377)
FN:2,(anonymous_378)
FN:2,Tt
FN:2,Pt
FN:2,jt
FN:2,Dt
FN:2,At
FN:2,It
FN:2,zt
FN:2,Ft
FN:2,(anonymous_387)
FN:2,Lt
FN:2,Ut
FN:2,Bt
FN:2,Ht
FN:2,(anonymous_392)
FN:2,(anonymous_393)
FN:2,(anonymous_394)
FN:2,(anonymous_395)
FN:2,(anonymous_396)
FN:2,(anonymous_397)
FN:2,(anonymous_398)
FN:2,(anonymous_399)
FN:2,(anonymous_400)
FN:2,(anonymous_401)
FN:2,(anonymous_402)
FN:2,(anonymous_403)
FN:2,(anonymous_404)
FN:2,(anonymous_405)
FN:2,e
FN:2,(anonymous_407)
FN:2,(anonymous_408)
FN:2,(anonymous_409)
FN:2,(anonymous_410)
FN:2,(anonymous_411)
FN:2,(anonymous_412)
FN:2,(anonymous_413)
FN:2,(anonymous_414)
FN:2,o
FN:2,(anonymous_416)
FN:2,(anonymous_417)
FN:2,(anonymous_418)
FN:2,(anonymous_419)
FN:2,(anonymous_420)
FN:2,(anonymous_421)
FN:2,(anonymous_422)
FN:2,(anonymous_423)
FN:2,(anonymous_424)
FN:2,(anonymous_425)
FN:2,(anonymous_426)
FN:2,(anonymous_427)
FN:2,(anonymous_428)
FN:2,(anonymous_429)
FN:2,(anonymous_430)
FN:2,(anonymous_431)
FN:2,f
FN:2,d
FN:2,p
FN:2,h
FN:2,m
FN:2,v
FN:2,(anonymous_438)
FN:2,g
FN:2,e
FN:2,y
FN:2,s
FN:2,l
FN:2,t
FN:2,u
FN:2,c
FN:2,b
FN:2,(anonymous_448)
FN:2,_
FN:2,w
FN:2,t
FN:2,n
FN:2,o
FN:2,i
FN:2,(anonymous_455)
FN:2,(anonymous_456)
FN:2,(anonymous_457)
FN:2,(anonymous_458)
FN:2,(anonymous_459)
FN:2,(anonymous_460)
FN:2,(anonymous_461)
FN:2,x
FN:2,i
FN:2,a
FN:2,s
FN:2,l
FN:2,d
FN:2,h
FN:2,m
FN:2,v
FN:2,g
FN:2,y
FN:2,b
FN:2,E
FN:2,(anonymous_475)
FN:2,k
FN:2,(anonymous_477)
FN:2,S
FN:2,O
FN:2,T
FN:2,N
FN:2,C
FN:2,P
FN:2,(anonymous_484)
FN:2,M
FN:2,j
FN:2,D
FN:2,(anonymous_488)
FN:2,(anonymous_489)
FN:2,(anonymous_490)
FN:2,(anonymous_491)
FN:2,(anonymous_492)
FN:2,(anonymous_493)
FN:2,(anonymous_494)
FN:2,(anonymous_495)
FN:2,l
FN:2,(anonymous_497)
FN:2,(anonymous_498)
FN:2,(anonymous_499)
FN:2,(anonymous_500)
FN:2,(anonymous_501)
FN:2,(anonymous_502)
FN:2,(anonymous_503)
FN:2,(anonymous_504)
FN:2,(anonymous_505)
FN:2,(anonymous_506)
FN:2,(anonymous_507)
FN:2,(anonymous_508)
FN:2,(anonymous_509)
FN:2,(anonymous_510)
FN:2,(anonymous_511)
FN:2,(anonymous_512)
FN:2,(anonymous_513)
FN:2,(anonymous_514)
FN:2,(anonymous_515)
FN:2,(anonymous_516)
FN:2,(anonymous_517)
FN:2,(anonymous_518)
FN:2,l
FN:2,(anonymous_520)
FN:2,(anonymous_521)
FN:2,e
FN:2,(anonymous_523)
FN:2,(anonymous_524)
FN:2,(anonymous_525)
FN:2,(anonymous_526)
FN:2,(anonymous_527)
FN:2,(anonymous_528)
FN:2,(anonymous_529)
FN:2,(anonymous_530)
FN:2,(anonymous_531)
FN:2,(anonymous_532)
FN:2,(anonymous_533)
FN:2,(anonymous_534)
FN:2,(anonymous_535)
FN:2,(anonymous_536)
FN:2,(anonymous_537)
FN:2,(anonymous_538)
FN:2,(anonymous_539)
FN:2,(anonymous_540)
FN:2,(anonymous_541)
FN:2,(anonymous_542)
FN:2,(anonymous_543)
FN:2,(anonymous_544)
FN:2,(anonymous_545)
FN:2,(anonymous_546)
FN:2,(anonymous_547)
FN:2,(anonymous_548)
FN:2,(anonymous_549)
FN:2,(anonymous_550)
FN:2,(anonymous_551)
FN:2,(anonymous_552)
FN:2,(anonymous_553)
FN:2,(anonymous_554)
FN:2,a
FN:2,(anonymous_556)
FN:2,(anonymous_557)
FN:2,(anonymous_558)
FN:2,(anonymous_559)
FN:2,(anonymous_560)
FN:2,(anonymous_561)
FN:2,(anonymous_562)
FN:2,(anonymous_563)
FN:2,(anonymous_564)
FN:2,(anonymous_565)
FN:2,(anonymous_566)
FN:2,(anonymous_567)
FN:2,(anonymous_568)
FN:2,(anonymous_569)
FN:2,(anonymous_570)
FN:2,(anonymous_571)
FN:2,(anonymous_572)
FN:2,u
FN:2,(anonymous_574)
FN:2,(anonymous_575)
FN:2,(anonymous_576)
FN:2,(anonymous_577)
FN:2,(anonymous_578)
FN:2,(anonymous_579)
FN:2,(anonymous_580)
FN:2,(anonymous_581)
FN:2,(anonymous_582)
FN:2,(anonymous_583)
FN:2,(anonymous_584)
FN:2,(anonymous_585)
FN:2,(anonymous_586)
FN:2,(anonymous_587)
FN:2,(anonymous_588)
FN:2,(anonymous_589)
FN:2,(anonymous_590)
FN:2,(anonymous_591)
FN:2,(anonymous_592)
FN:2,(anonymous_593)
FN:2,(anonymous_594)
FN:2,(anonymous_595)
FN:2,(anonymous_596)
FN:2,(anonymous_597)
FN:2,(anonymous_598)
FN:2,(anonymous_599)
FN:2,(anonymous_600)
FN:2,(anonymous_601)
FN:2,(anonymous_602)
FN:2,(anonymous_603)
FN:2,(anonymous_604)
FN:2,(anonymous_605)
FN:2,(anonymous_606)
FN:2,(anonymous_607)
FN:2,(anonymous_608)
FN:2,(anonymous_609)
FN:2,(anonymous_610)
FN:2,(anonymous_611)
FN:2,(anonymous_612)
FN:2,(anonymous_613)
FN:2,(anonymous_614)
FN:2,(anonymous_615)
FN:2,(anonymous_616)
FN:2,(anonymous_617)
FN:2,(anonymous_618)
FN:2,(anonymous_619)
FN:2,(anonymous_620)
FN:2,(anonymous_621)
FN:2,(anonymous_622)
FN:2,(anonymous_623)
FN:2,(anonymous_624)
FN:2,(anonymous_625)
FN:2,(anonymous_626)
FN:2,(anonymous_627)
FN:2,(anonymous_628)
FN:2,(anonymous_629)
FN:2,(anonymous_630)
FN:2,(anonymous_631)
FN:2,(anonymous_632)
FN:2,(anonymous_633)
FN:2,(anonymous_634)
FN:2,(anonymous_635)
FN:2,(anonymous_636)
FN:2,(anonymous_637)
FN:2,(anonymous_638)
FN:2,(anonymous_639)
FN:2,(anonymous_640)
FN:2,(anonymous_641)
FN:2,(anonymous_642)
FN:2,(anonymous_643)
FN:2,(anonymous_644)
FN:2,(anonymous_645)
FN:2,(anonymous_646)
FN:2,(anonymous_647)
FN:2,(anonymous_648)
FN:2,(anonymous_649)
FN:2,(anonymous_650)
FN:2,(anonymous_651)
FN:2,(anonymous_652)
FN:2,(anonymous_653)
FN:2,(anonymous_654)
FN:2,(anonymous_655)
FN:2,(anonymous_656)
FN:2,(anonymous_657)
FN:2,(anonymous_658)
FN:2,(anonymous_659)
FN:2,(anonymous_660)
FN:2,(anonymous_661)
FN:2,(anonymous_662)
FN:2,(anonymous_663)
FN:2,(anonymous_664)
FN:2,(anonymous_665)
FN:2,(anonymous_666)
FN:2,(anonymous_667)
FN:2,(anonymous_668)
FN:2,(anonymous_669)
FN:2,(anonymous_670)
FN:2,(anonymous_671)
FN:2,(anonymous_672)
FN:2,(anonymous_673)
FN:2,(anonymous_674)
FN:2,(anonymous_675)
FN:2,(anonymous_676)
FN:2,(anonymous_677)
FN:2,(anonymous_678)
FN:2,(anonymous_679)
FN:2,(anonymous_680)
FN:2,(anonymous_681)
FN:2,(anonymous_682)
FN:2,(anonymous_683)
FN:2,(anonymous_684)
FN:2,(anonymous_685)
FN:2,(anonymous_686)
FN:2,(anonymous_687)
FN:2,(anonymous_688)
FN:2,(anonymous_689)
FN:2,(anonymous_690)
FN:2,(anonymous_691)
FN:2,(anonymous_692)
FN:2,(anonymous_693)
FN:2,(anonymous_694)
FN:2,(anonymous_695)
FN:2,(anonymous_696)
FN:2,(anonymous_697)
FN:2,(anonymous_698)
FN:2,(anonymous_699)
FN:2,(anonymous_700)
FN:2,(anonymous_701)
FN:2,(anonymous_702)
FN:2,(anonymous_703)
FN:2,(anonymous_704)
FN:2,(anonymous_705)
FN:2,(anonymous_706)
FN:2,(anonymous_707)
FN:2,(anonymous_708)
FN:2,(anonymous_709)
FN:2,(anonymous_710)
FN:2,(anonymous_711)
FN:2,(anonymous_712)
FN:2,(anonymous_713)
FN:2,(anonymous_714)
FN:2,(anonymous_715)
FN:2,o
FN:2,(anonymous_717)
FN:2,(anonymous_718)
FN:2,(anonymous_719)
FN:2,(anonymous_720)
FN:2,(anonymous_721)
FN:2,(anonymous_722)
FN:2,s
FN:2,(anonymous_724)
FN:2,(anonymous_725)
FN:2,(anonymous_726)
FN:2,(anonymous_727)
FN:2,(anonymous_728)
FN:2,(anonymous_729)
FN:2,t
FN:2,n
FN:2,(anonymous_732)
FN:2,p
FN:2,(anonymous_734)
FN:2,(anonymous_735)
FN:2,(anonymous_736)
FN:2,(anonymous_737)
FN:2,(anonymous_738)
FN:2,(anonymous_739)
FN:2,(anonymous_740)
FN:2,(anonymous_741)
FN:2,(anonymous_742)
FN:2,u
FN:2,c
FN:2,(anonymous_745)
FN:2,(anonymous_746)
FN:2,(anonymous_747)
FN:2,(anonymous_748)
FN:2,(anonymous_749)
FN:2,(anonymous_750)
FN:2,(anonymous_751)
FN:2,(anonymous_752)
FN:2,(anonymous_753)
FN:2,t
FN:2,(anonymous_755)
FN:2,(anonymous_756)
FN:2,t
FN:2,(anonymous_758)
FN:2,(anonymous_759)
FN:2,(anonymous_760)
FN:2,(anonymous_761)
FN:2,(anonymous_762)
FN:2,t
FN:2,n
FN:2,r
FN:2,(anonymous_766)
FN:2,(anonymous_767)
FN:2,(anonymous_768)
FN:2,r
FN:2,o
FN:2,(anonymous_771)
FN:2,(anonymous_772)
FN:2,i
FN:2,(anonymous_774)
FN:2,(anonymous_775)
FN:2,(anonymous_776)
FN:2,r
FN:2,o
FN:2,i
FN:2,a
FN:2,s
FN:2,(anonymous_782)
FN:2,(anonymous_783)
FN:2,l
FN:2,(anonymous_785)
FN:2,(anonymous_786)
FN:2,(anonymous_787)
FN:2,r
FN:2,o
FN:2,(anonymous_790)
FN:2,i
FN:2,a
FN:2,s
FN:2,l
FN:2,u
FN:2,c
FN:2,f
FN:2,d
FN:2,p
FN:2,h
FN:2,m
FN:2,v
FN:2,g
FN:2,y
FN:2,(anonymous_805)
FN:2,b
FN:2,(anonymous_807)
FN:2,_
FN:2,w
FN:2,x
FN:2,E
FN:2,(anonymous_812)
FN:2,i
FN:2,(anonymous_814)
FN:2,(anonymous_815)
FN:2,(anonymous_816)
FN:2,(anonymous_817)
FN:2,(anonymous_818)
FN:2,S
FN:2,(anonymous_820)
FN:2,(anonymous_821)
FN:2,(anonymous_822)
FN:2,(anonymous_823)
FN:2,(anonymous_824)
FN:2,i
FN:2,a
FN:2,(anonymous_827)
FN:2,(anonymous_828)
FN:2,s
FN:2,l
FN:2,u
FN:2,c
FN:2,f
FN:2,d
FN:2,p
FN:2,h
FN:2,(anonymous_837)
FN:2,(anonymous_838)
FN:2,(anonymous_839)
FN:2,m
FN:2,(anonymous_841)
FN:2,(anonymous_842)
FN:2,v
FN:2,(anonymous_844)
FN:2,g
FN:2,(anonymous_846)
FN:2,y
FN:2,(anonymous_848)
FN:2,b
FN:2,(anonymous_850)
FN:2,_
FN:2,(anonymous_852)
FN:2,w
FN:2,(anonymous_854)
FN:2,o
FN:2,i
FN:2,(anonymous_857)
FN:2,(anonymous_858)
FN:2,(anonymous_859)
FN:2,r
FN:2,o
FN:2,(anonymous_862)
FN:2,r
FN:2,(anonymous_864)
FN:2,(anonymous_865)
FN:2,o
FN:2,(anonymous_867)
FN:2,r
FN:2,o
FN:2,(anonymous_870)
FN:2,o
FN:2,(anonymous_872)
FN:2,(anonymous_873)
FN:2,(anonymous_874)
FN:2,(anonymous_875)
FN:2,(anonymous_876)
FN:2,(anonymous_877)
FN:2,i
FN:2,(anonymous_879)
FN:2,o
FN:2,(anonymous_881)
FN:2,(anonymous_882)
FN:2,(anonymous_883)
FN:2,(anonymous_884)
FN:2,(anonymous_885)
FN:2,(anonymous_886)
FN:2,i
FN:2,(anonymous_888)
FN:2,o
FN:2,i
FN:2,(anonymous_891)
FN:2,(anonymous_892)
FN:2,(anonymous_893)
FN:2,(anonymous_894)
FN:2,a
FN:2,(anonymous_896)
FN:2,(anonymous_897)
FN:2,(anonymous_898)
FN:2,g
FN:2,(anonymous_900)
FN:2,(anonymous_901)
FN:2,(anonymous_902)
FN:2,(anonymous_903)
FN:2,_
FN:2,w
FN:2,x
FN:2,(anonymous_907)
FN:2,(anonymous_908)
FN:2,T
FN:2,N
FN:2,M
FN:2,j
FN:2,D
FN:2,A
FN:2,I
FN:2,(anonymous_916)
FN:2,(anonymous_917)
FN:2,R
FN:2,z
FN:2,(anonymous_920)
FN:2,(anonymous_921)
FN:2,F
FN:2,U
FN:2,(anonymous_924)
FN:2,(anonymous_925)
FN:2,(anonymous_926)
FN:2,(anonymous_927)
FN:2,(anonymous_928)
FN:2,(anonymous_929)
FN:2,(anonymous_930)
FN:2,(anonymous_931)
FN:2,(anonymous_932)
FN:2,(anonymous_933)
FN:2,(anonymous_934)
FN:2,(anonymous_935)
FN:2,(anonymous_936)
FN:2,(anonymous_937)
FN:2,(anonymous_938)
FN:2,(anonymous_939)
FN:2,(anonymous_940)
FN:2,(anonymous_941)
FN:2,(anonymous_942)
FN:2,(anonymous_943)
FN:2,(anonymous_944)
FN:2,(anonymous_945)
FN:2,(anonymous_946)
FN:2,(anonymous_947)
FN:2,(anonymous_948)
FN:2,a
FN:2,s
FN:2,(anonymous_951)
FN:2,p
FN:2,g
FN:2,(anonymous_954)
FN:2,_
FN:2,w
FN:2,O
FN:2,M
FN:2,j
FN:2,D
FN:2,A
FN:2,I
FN:2,R
FN:2,U
FN:2,B
FN:2,$
FN:2,(anonymous_967)
FN:2,(anonymous_968)
FN:2,(anonymous_969)
FN:2,(anonymous_970)
FN:2,(anonymous_971)
FN:2,(anonymous_972)
FN:2,(anonymous_973)
FN:2,(anonymous_974)
FN:2,(anonymous_975)
FN:2,G
FN:2,(anonymous_977)
FN:2,(anonymous_978)
FN:2,(anonymous_979)
FN:2,(anonymous_980)
FN:2,(anonymous_981)
FN:2,K
FN:2,(anonymous_983)
FN:2,(anonymous_984)
FN:2,(anonymous_985)
FN:2,me
FN:2,ve
FN:2,ge
FN:2,ye
FN:2,be
FN:2,_e
FN:2,(anonymous_992)
FN:2,(anonymous_993)
FN:2,(anonymous_994)
FN:2,(anonymous_995)
FN:2,(anonymous_996)
FN:2,(anonymous_997)
FN:2,we
FN:2,xe
FN:2,Ee
FN:2,ke
FN:2,Se
FN:2,Oe
FN:2,Te
FN:2,Ne
FN:2,(anonymous_1006)
FN:2,(anonymous_1007)
FN:2,Ce
FN:2,Pe
FN:2,Me
FN:2,je
FN:2,De
FN:2,Re
FN:2,ze
FN:2,(anonymous_1015)
FN:2,(anonymous_1016)
FN:2,(anonymous_1017)
FN:2,Be
FN:2,He
FN:2,$e
FN:2,Ze
FN:2,et
FN:2,tt
FN:2,nt
FN:2,rt
FN:2,(anonymous_1026)
FN:2,ot
FN:2,it
FN:2,st
FN:2,lt
FN:2,ut
FN:2,ct
FN:2,dt
FN:2,pt
FN:2,ht
FN:2,mt
FN:2,Ct
FN:2,Pt
FN:2,Mt
FN:2,jt
FN:2,(anonymous_1041)
FN:2,Dt
FN:2,At
FN:2,It
FN:2,Rt
FN:2,zt
FN:2,t
FN:2,Ht
FN:2,Qt
FN:2,Gt
FN:2,Xt
FN:2,Kt
FN:2,Jt
FN:2,(anonymous_1054)
FN:2,Zt
FN:2,nn
FN:2,rn
FN:2,(anonymous_1058)
FN:2,(anonymous_1059)
FN:2,an
FN:2,sn
FN:2,un
FN:2,cn
FN:2,fn
FN:2,dn
FN:2,pn
FN:2,hn
FN:2,mn
FN:2,vn
FN:2,wn
FN:2,xn
FN:2,Sn
FN:2,On
FN:2,Mn
FN:2,jn
FN:2,Dn
FN:2,An
FN:2,In
FN:2,Rn
FN:2,zn
FN:2,Fn
FN:2,Ln
FN:2,Un
FN:2,Bn
FN:2,Yn
FN:2,$n
FN:2,qn
FN:2,Qn
FN:2,Gn
FN:2,Xn
FN:2,Kn
FN:2,(anonymous_1092)
FN:2,(anonymous_1093)
FN:2,(anonymous_1094)
FN:2,(anonymous_1095)
FN:2,(anonymous_1096)
FN:2,(anonymous_1097)
FN:2,(anonymous_1098)
FN:2,t
FN:2,n
FN:2,lr
FN:2,ur
FN:2,(anonymous_1103)
FN:2,(anonymous_1104)
FN:2,(anonymous_1105)
FN:2,pr
FN:2,mr
FN:2,yr
FN:2,br
FN:2,_r
FN:2,xr
FN:2,Er
FN:2,kr
FN:2,Sr
FN:2,Or
FN:2,Tr
FN:2,(anonymous_1117)
FN:2,Mr
FN:2,jr
FN:2,(anonymous_1120)
FN:2,(anonymous_1121)
FN:2,(anonymous_1122)
FN:2,(anonymous_1123)
FN:2,(anonymous_1124)
FN:2,Vr
FN:2,Xr
FN:2,(anonymous_1127)
FN:2,(anonymous_1128)
FN:2,to
FN:2,(anonymous_1130)
FN:2,(anonymous_1131)
FN:2,(anonymous_1132)
FN:2,(anonymous_1133)
FN:2,(anonymous_1134)
FN:2,(anonymous_1135)
FN:2,(anonymous_1136)
FN:2,po
FN:2,ho
FN:2,bo
FN:2,_o
FN:2,wo
FN:2,xo
FN:2,Eo
FN:2,ko
FN:2,So
FN:2,(anonymous_1146)
FN:2,(anonymous_1147)
FN:2,Yo
FN:2,$o
FN:2,qo
FN:2,Qo
FN:2,Go
FN:2,Xo
FN:2,Ko
FN:2,(anonymous_1155)
FN:2,Jo
FN:2,Zo
FN:2,oi
FN:2,ii
FN:2,ai
FN:2,si
FN:2,li
FN:2,ci
FN:2,fi
FN:2,di
FN:2,pi
FN:2,hi
FN:2,mi
FN:2,vi
FN:2,bi
FN:2,(anonymous_1171)
FN:2,(anonymous_1172)
FN:2,(anonymous_1173)
FN:2,(anonymous_1174)
FN:2,wi
FN:2,xi
FN:2,Ei
FN:2,ki
FN:2,Oi
FN:2,(anonymous_1180)
FN:2,Ti
FN:2,Ni
FN:2,t
FN:2,n
FN:2,r
FN:2,o
FN:2,i
FN:2,s
FN:2,l
FN:2,u
FN:2,c
FN:2,f
FN:2,d
FN:2,p
FN:2,h
FN:2,m
FN:2,(anonymous_1197)
FN:2,v
FN:2,(anonymous_1199)
FN:2,(anonymous_1200)
FN:2,Ii
FN:2,Ri
FN:2,zi
FN:2,Fi
FN:2,Li
FN:2,Bi
FN:2,Hi
FN:2,Xi
FN:2,Ki
FN:2,Ji
FN:2,Zi
FN:2,ea
FN:2,ta
FN:2,na
FN:2,ra
FN:2,oa
FN:2,ia
FN:2,aa
FN:2,sa
FN:2,la
FN:2,ua
FN:2,ca
FN:2,fa
FN:2,da
FN:2,(anonymous_1225)
FN:2,(anonymous_1226)
FN:2,pa
FN:2,ha
FN:2,ma
FN:2,va
FN:2,ga
FN:2,ya
FN:2,(anonymous_1233)
FN:2,(anonymous_1234)
FN:2,ba
FN:2,(anonymous_1236)
FN:2,(anonymous_1237)
FN:2,(anonymous_1238)
FN:2,(anonymous_1239)
FN:2,(anonymous_1240)
FN:2,(anonymous_1241)
FN:2,(anonymous_1242)
FN:2,(anonymous_1243)
FN:2,(anonymous_1244)
FN:2,(anonymous_1245)
FN:2,(anonymous_1246)
FN:2,(anonymous_1247)
FN:2,(anonymous_1248)
FN:2,(anonymous_1249)
FN:2,(anonymous_1250)
FN:2,(anonymous_1251)
FN:2,Ta
FN:2,Na
FN:2,Ca
FN:2,Pa
FN:2,Ma
FN:2,ja
FN:2,Ia
FN:2,Ra
FN:2,za
FN:2,Fa
FN:2,La
FN:2,Ua
FN:2,Ba
FN:2,Ha
FN:2,Va
FN:2,Qa
FN:2,Ga
FN:2,Xa
FN:2,Ka
FN:2,Ja
FN:2,Za
FN:2,es
FN:2,ts
FN:2,ns
FN:2,(anonymous_1276)
FN:2,(anonymous_1277)
FN:2,(anonymous_1278)
FN:2,os
FN:2,(anonymous_1280)
FN:2,is
FN:2,as
FN:2,ss
FN:2,ls
FN:2,us
FN:2,cs
FN:2,(anonymous_1287)
FN:2,(anonymous_1288)
FN:2,fs
FN:2,ds
FN:2,ps
FN:2,hs
FN:2,ms
FN:2,vs
FN:2,gs
FN:2,ys
FN:2,(anonymous_1297)
FN:2,_s
FN:2,(anonymous_1299)
FN:2,ws
FN:2,(anonymous_1301)
FN:2,(anonymous_1302)
FN:2,el
FN:2,tl
FN:2,nl
FN:2,rl
FN:2,ol
FN:2,il
FN:2,al
FN:2,sl
FN:2,ll
FN:2,ul
FN:2,cl
FN:2,fl
FN:2,dl
FN:2,pl
FN:2,hl
FN:2,ml
FN:2,vl
FN:2,gl
FN:2,yl
FN:2,bl
FN:2,_l
FN:2,wl
FN:2,xl
FN:2,(anonymous_1326)
FN:2,El
FN:2,kl
FN:2,Sl
FN:2,Ol
FN:2,Tl
FN:2,Nl
FN:2,(anonymous_1333)
FN:2,(anonymous_1334)
FN:2,(anonymous_1335)
FN:2,(anonymous_1336)
FN:2,(anonymous_1337)
FN:2,Ml
FN:2,jl
FN:2,Dl
FN:2,Al
FN:2,Il
FN:2,Rl
FN:2,zl
FN:2,Fl
FN:2,Ll
FN:2,Ul
FN:2,Bl
FN:2,Hl
FN:2,Vl
FN:2,Wl
FN:2,Yl
FN:2,$l
FN:2,ql
FN:2,Ql
FN:2,(anonymous_1356)
FN:2,(anonymous_1357)
FN:2,(anonymous_1358)
FN:2,Gl
FN:2,Xl
FN:2,(anonymous_1361)
FN:2,(anonymous_1362)
FN:2,(anonymous_1363)
FN:2,(anonymous_1364)
FN:2,Kl
FN:2,Jl
FN:2,(anonymous_1367)
FN:2,(anonymous_1368)
FN:2,(anonymous_1369)
FN:2,(anonymous_1370)
FN:2,(anonymous_1371)
FN:2,(anonymous_1372)
FN:2,(anonymous_1373)
FN:2,(anonymous_1374)
FN:2,(anonymous_1375)
FN:2,(anonymous_1376)
FN:2,(anonymous_1377)
FN:2,(anonymous_1378)
FN:2,(anonymous_1379)
FN:2,(anonymous_1380)
FN:2,(anonymous_1381)
FN:2,(anonymous_1382)
FN:2,(anonymous_1383)
FN:2,(anonymous_1384)
FN:2,(anonymous_1385)
FN:2,(anonymous_1386)
FN:2,(anonymous_1387)
FN:2,(anonymous_1388)
FN:2,(anonymous_1389)
FN:2,(anonymous_1390)
FN:2,(anonymous_1391)
FN:2,(anonymous_1392)
FN:2,(anonymous_1393)
FN:2,(anonymous_1394)
FN:2,(anonymous_1395)
FN:2,(anonymous_1396)
FN:2,(anonymous_1397)
FN:2,(anonymous_1398)
FN:2,(anonymous_1399)
FN:2,(anonymous_1400)
FN:2,(anonymous_1401)
FN:2,(anonymous_1402)
FN:2,(anonymous_1403)
FN:2,(anonymous_1404)
FN:2,(anonymous_1405)
FN:2,(anonymous_1406)
FN:2,(anonymous_1407)
FN:2,(anonymous_1408)
FN:2,(anonymous_1409)
FN:2,(anonymous_1410)
FN:2,(anonymous_1411)
FN:2,(anonymous_1412)
FN:2,(anonymous_1413)
FN:2,S
FN:2,O
FN:2,T
FN:2,N
FN:2,z
FN:2,F
FN:2,L
FN:2,U
FN:2,(anonymous_1422)
FN:2,(anonymous_1423)
FN:2,(anonymous_1424)
FN:2,(anonymous_1425)
FN:2,(anonymous_1426)
FN:2,(anonymous_1427)
FN:2,(anonymous_1428)
FN:2,(anonymous_1429)
FN:2,(anonymous_1430)
FN:2,(anonymous_1431)
FN:2,(anonymous_1432)
FN:2,(anonymous_1433)
FN:2,o
FN:2,i
FN:2,(anonymous_1436)
FN:2,e
FN:2,t
FN:2,(anonymous_1439)
FN:2,(anonymous_1440)
FN:2,(anonymous_1441)
FN:2,(anonymous_1442)
FN:2,(anonymous_1443)
FN:2,(anonymous_1444)
FN:2,(anonymous_1445)
FN:2,(anonymous_1446)
FN:2,(anonymous_1447)
FN:2,(anonymous_1448)
FN:2,(anonymous_1449)
FN:2,(anonymous_1450)
FN:2,o
FN:2,(anonymous_1452)
FN:2,(anonymous_1453)
FN:2,(anonymous_1454)
FN:2,(anonymous_1455)
FN:2,l
FN:2,(anonymous_1457)
FN:2,(anonymous_1458)
FN:2,(anonymous_1459)
FN:2,(anonymous_1460)
FN:2,(anonymous_1461)
FN:2,(anonymous_1462)
FN:2,(anonymous_1463)
FN:2,(anonymous_1464)
FN:2,(anonymous_1465)
FN:2,(anonymous_1466)
FN:2,(anonymous_1467)
FN:2,(anonymous_1468)
FN:2,(anonymous_1469)
FN:2,(anonymous_1470)
FN:2,(anonymous_1471)
FN:2,(anonymous_1472)
FN:2,(anonymous_1473)
FN:2,(anonymous_1474)
FN:2,(anonymous_1475)
FN:2,(anonymous_1476)
FN:2,(anonymous_1477)
FN:2,(anonymous_1478)
FN:2,(anonymous_1479)
FN:2,(anonymous_1480)
FN:2,(anonymous_1481)
FN:2,(anonymous_1482)
FN:2,(anonymous_1483)
FN:2,(anonymous_1484)
FN:2,(anonymous_1485)
FN:2,(anonymous_1486)
FN:2,(anonymous_1487)
FN:2,(anonymous_1488)
FN:2,(anonymous_1489)
FN:2,(anonymous_1490)
FN:2,(anonymous_1491)
FN:2,(anonymous_1492)
FN:2,(anonymous_1493)
FN:2,(anonymous_1494)
FN:2,(anonymous_1495)
FN:2,(anonymous_1496)
FN:2,e
FN:2,(anonymous_1498)
FN:2,(anonymous_1499)
FN:2,(anonymous_1500)
FN:2,(anonymous_1501)
FN:2,(anonymous_1502)
FN:2,(anonymous_1503)
FN:2,(anonymous_1504)
FN:2,(anonymous_1505)
FN:2,(anonymous_1506)
FN:2,(anonymous_1507)
FN:2,(anonymous_1508)
FN:2,(anonymous_1509)
FN:2,(anonymous_1510)
FN:2,(anonymous_1511)
FN:2,(anonymous_1512)
FN:2,a
FN:2,(anonymous_1514)
FN:2,(anonymous_1515)
FN:2,(anonymous_1516)
FN:2,(anonymous_1517)
FN:2,(anonymous_1518)
FN:2,(anonymous_1519)
FN:2,(anonymous_1520)
FN:2,(anonymous_1521)
FN:2,(anonymous_1522)
FN:2,(anonymous_1523)
FN:2,(anonymous_1524)
FN:2,(anonymous_1525)
FN:2,(anonymous_1526)
FN:2,(anonymous_1527)
FN:2,(anonymous_1528)
FN:2,(anonymous_1529)
FN:2,(anonymous_1530)
FN:2,(anonymous_1531)
FN:2,(anonymous_1532)
FN:2,(anonymous_1533)
FN:2,(anonymous_1534)
FN:2,(anonymous_1535)
FN:2,(anonymous_1536)
FN:2,(anonymous_1537)
FN:2,(anonymous_1538)
FN:2,(anonymous_1539)
FN:2,(anonymous_1540)
FN:2,(anonymous_1541)
FN:2,(anonymous_1542)
FN:2,(anonymous_1543)
FN:2,(anonymous_1544)
FN:2,(anonymous_1545)
FN:2,(anonymous_1546)
FN:2,(anonymous_1547)
FN:2,(anonymous_1548)
FN:2,(anonymous_1549)
FN:2,(anonymous_1550)
FN:2,(anonymous_1551)
FN:2,(anonymous_1552)
FN:2,(anonymous_1553)
FN:2,(anonymous_1554)
FN:2,(anonymous_1555)
FN:2,(anonymous_1556)
FN:2,(anonymous_1557)
FN:2,(anonymous_1558)
FN:2,(anonymous_1559)
FN:2,(anonymous_1560)
FN:2,(anonymous_1561)
FN:2,(anonymous_1562)
FN:2,(anonymous_1563)
FN:2,(anonymous_1564)
FN:2,(anonymous_1565)
FN:2,(anonymous_1566)
FN:2,(anonymous_1567)
FN:2,(anonymous_1568)
FN:2,(anonymous_1569)
FN:2,(anonymous_1570)
FN:2,(anonymous_1571)
FN:2,(anonymous_1572)
FN:2,i
FN:2,a
FN:2,s
FN:2,(anonymous_1576)
FN:2,d
FN:2,p
FN:2,(anonymous_1579)
FN:2,h
FN:2,m
FN:2,(anonymous_1582)
FN:2,(anonymous_1583)
FN:2,(anonymous_1584)
FN:2,(anonymous_1585)
FN:2,(anonymous_1586)
FN:2,(anonymous_1587)
FN:2,(anonymous_1588)
FN:2,(anonymous_1589)
FN:2,(anonymous_1590)
FN:2,(anonymous_1591)
FN:2,(anonymous_1592)
FN:2,(anonymous_1593)
FN:2,(anonymous_1594)
FN:2,(anonymous_1595)
FN:2,(anonymous_1596)
FN:2,(anonymous_1597)
FN:2,(anonymous_1598)
FN:2,(anonymous_1599)
FN:2,(anonymous_1600)
FN:2,(anonymous_1601)
FN:2,(anonymous_1602)
FN:2,(anonymous_1603)
FN:2,(anonymous_1604)
FN:2,(anonymous_1605)
FN:2,(anonymous_1606)
FN:2,(anonymous_1607)
FN:2,(anonymous_1608)
FN:2,(anonymous_1609)
FN:2,(anonymous_1610)
FN:2,(anonymous_1611)
FN:2,(anonymous_1612)
FN:2,(anonymous_1613)
FN:2,(anonymous_1614)
FN:2,(anonymous_1615)
FN:2,(anonymous_1616)
FN:2,(anonymous_1617)
FN:2,(anonymous_1618)
FN:2,(anonymous_1619)
FN:2,(anonymous_1620)
FN:2,(anonymous_1621)
FN:2,(anonymous_1622)
FN:2,(anonymous_1623)
FN:2,(anonymous_1624)
FN:2,(anonymous_1625)
FN:2,(anonymous_1626)
FN:2,(anonymous_1627)
FN:2,(anonymous_1628)
FN:2,(anonymous_1629)
FN:2,(anonymous_1630)
FN:2,(anonymous_1631)
FN:2,(anonymous_1632)
FN:2,(anonymous_1633)
FN:2,(anonymous_1634)
FN:2,(anonymous_1635)
FN:2,(anonymous_1636)
FN:2,(anonymous_1637)
FN:2,(anonymous_1638)
FN:2,(anonymous_1639)
FN:2,(anonymous_1640)
FN:2,(anonymous_1641)
FN:2,(anonymous_1642)
FN:2,(anonymous_1643)
FN:2,(anonymous_1644)
FN:2,(anonymous_1645)
FN:2,(anonymous_1646)
FN:2,(anonymous_1647)
FN:2,(anonymous_1648)
FN:2,(anonymous_1649)
FN:2,(anonymous_1650)
FN:2,(anonymous_1651)
FN:2,(anonymous_1652)
FN:2,(anonymous_1653)
FN:2,(anonymous_1654)
FN:2,(anonymous_1655)
FN:2,(anonymous_1656)
FN:2,(anonymous_1657)
FN:2,(anonymous_1658)
FN:2,(anonymous_1659)
FN:2,(anonymous_1660)
FN:2,(anonymous_1661)
FN:2,(anonymous_1662)
FN:2,(anonymous_1663)
FN:2,(anonymous_1664)
FN:2,(anonymous_1665)
FN:2,(anonymous_1666)
FN:2,(anonymous_1667)
FN:2,(anonymous_1668)
FN:2,(anonymous_1669)
FN:2,(anonymous_1670)
FN:2,(anonymous_1671)
FN:2,(anonymous_1672)
FN:2,(anonymous_1673)
FN:2,(anonymous_1674)
FN:2,(anonymous_1675)
FN:2,(anonymous_1676)
FN:2,(anonymous_1677)
FN:2,(anonymous_1678)
FN:2,(anonymous_1679)
FN:2,(anonymous_1680)
FN:2,(anonymous_1681)
FN:2,(anonymous_1682)
FN:2,(anonymous_1683)
FN:2,(anonymous_1684)
FN:2,(anonymous_1685)
FN:2,(anonymous_1686)
FN:2,(anonymous_1687)
FN:2,(anonymous_1688)
FN:2,(anonymous_1689)
FN:2,(anonymous_1690)
FN:2,(anonymous_1691)
FN:2,c
FN:2,f
FN:2,d
FN:2,(anonymous_1695)
FN:2,(anonymous_1696)
FN:2,(anonymous_1697)
FN:2,(anonymous_1698)
FN:2,(anonymous_1699)
FN:2,(anonymous_1700)
FN:2,(anonymous_1701)
FN:2,(anonymous_1702)
FN:2,(anonymous_1703)
FN:2,(anonymous_1704)
FN:2,(anonymous_1705)
FN:2,(anonymous_1706)
FN:2,(anonymous_1707)
FN:2,(anonymous_1708)
FN:2,(anonymous_1709)
FN:2,(anonymous_1710)
FN:2,(anonymous_1711)
FN:2,(anonymous_1712)
FN:2,(anonymous_1713)
FN:2,(anonymous_1714)
FN:2,(anonymous_1715)
FN:2,(anonymous_1716)
FN:2,(anonymous_1717)
FN:2,(anonymous_1718)
FN:2,(anonymous_1719)
FN:2,(anonymous_1720)
FN:2,(anonymous_1721)
FN:2,(anonymous_1722)
FN:2,(anonymous_1723)
FN:2,(anonymous_1724)
FN:2,(anonymous_1725)
FN:2,(anonymous_1726)
FN:2,(anonymous_1727)
FN:2,(anonymous_1728)
FN:2,(anonymous_1729)
FN:2,(anonymous_1730)
FN:2,(anonymous_1731)
FN:2,(anonymous_1732)
FN:2,(anonymous_1733)
FN:2,(anonymous_1734)
FN:2,(anonymous_1735)
FN:2,(anonymous_1736)
FN:2,(anonymous_1737)
FN:2,(anonymous_1738)
FN:2,(anonymous_1739)
FN:2,(anonymous_1740)
FN:2,(anonymous_1741)
FN:2,(anonymous_1742)
FN:2,(anonymous_1743)
FN:2,(anonymous_1744)
FN:2,(anonymous_1745)
FN:2,(anonymous_1746)
FN:2,(anonymous_1747)
FN:2,(anonymous_1748)
FN:2,(anonymous_1749)
FN:2,(anonymous_1750)
FN:2,(anonymous_1751)
FN:2,(anonymous_1752)
FN:2,(anonymous_1753)
FN:2,(anonymous_1754)
FN:2,(anonymous_1755)
FN:2,(anonymous_1756)
FN:2,(anonymous_1757)
FN:2,(anonymous_1758)
FN:2,(anonymous_1759)
FN:2,(anonymous_1760)
FN:2,(anonymous_1761)
FN:2,(anonymous_1762)
FN:2,(anonymous_1763)
FN:2,(anonymous_1764)
FN:2,(anonymous_1765)
FN:2,(anonymous_1766)
FN:2,(anonymous_1767)
FN:2,(anonymous_1768)
FN:2,(anonymous_1769)
FN:2,(anonymous_1770)
FN:2,(anonymous_1771)
FN:2,(anonymous_1772)
FN:2,(anonymous_1773)
FN:2,(anonymous_1774)
FN:2,(anonymous_1775)
FN:2,(anonymous_1776)
FN:2,(anonymous_1777)
FN:2,(anonymous_1778)
FN:2,(anonymous_1779)
FN:2,(anonymous_1780)
FN:2,(anonymous_1781)
FN:2,(anonymous_1782)
FN:2,(anonymous_1783)
FN:2,(anonymous_1784)
FN:2,(anonymous_1785)
FN:2,(anonymous_1786)
FN:2,(anonymous_1787)
FN:2,(anonymous_1788)
FN:2,(anonymous_1789)
FN:2,(anonymous_1790)
FN:2,(anonymous_1791)
FN:2,(anonymous_1792)
FN:2,(anonymous_1793)
FN:2,(anonymous_1794)
FN:2,(anonymous_1795)
FN:2,(anonymous_1796)
FN:2,(anonymous_1797)
FN:2,(anonymous_1798)
FN:2,(anonymous_1799)
FN:2,(anonymous_1800)
FN:2,(anonymous_1801)
FN:2,(anonymous_1802)
FN:2,(anonymous_1803)
FN:2,(anonymous_1804)
FN:2,(anonymous_1805)
FN:2,(anonymous_1806)
FN:2,(anonymous_1807)
FN:2,(anonymous_1808)
FN:2,(anonymous_1809)
FN:2,(anonymous_1810)
FN:2,(anonymous_1811)
FN:2,(anonymous_1812)
FN:2,(anonymous_1813)
FN:2,(anonymous_1814)
FN:2,(anonymous_1815)
FN:2,(anonymous_1816)
FN:2,(anonymous_1817)
FN:2,(anonymous_1818)
FN:2,(anonymous_1819)
FN:2,(anonymous_1820)
FN:2,(anonymous_1821)
FN:2,(anonymous_1822)
FN:2,(anonymous_1823)
FN:2,(anonymous_1824)
FN:2,(anonymous_1825)
FN:2,(anonymous_1826)
FN:2,(anonymous_1827)
FN:2,(anonymous_1828)
FN:2,(anonymous_1829)
FN:2,(anonymous_1830)
FN:2,(anonymous_1831)
FN:2,(anonymous_1832)
FN:2,(anonymous_1833)
FN:2,(anonymous_1834)
FN:2,(anonymous_1835)
FN:2,(anonymous_1836)
FN:2,(anonymous_1837)
FN:2,(anonymous_1838)
FN:2,(anonymous_1839)
FN:2,(anonymous_1840)
FN:2,(anonymous_1841)
FN:2,(anonymous_1842)
FN:2,(anonymous_1843)
FN:2,(anonymous_1844)
FN:2,(anonymous_1845)
FN:2,(anonymous_1846)
FN:2,(anonymous_1847)
FN:2,(anonymous_1848)
FN:2,(anonymous_1849)
FN:2,(anonymous_1850)
FN:2,(anonymous_1851)
FN:2,(anonymous_1852)
FN:2,(anonymous_1853)
FN:2,(anonymous_1854)
FN:2,(anonymous_1855)
FN:2,(anonymous_1856)
FN:2,(anonymous_1857)
FN:2,(anonymous_1858)
FN:2,(anonymous_1859)
FN:2,(anonymous_1860)
FN:2,(anonymous_1861)
FN:2,(anonymous_1862)
FN:2,(anonymous_1863)
FN:2,(anonymous_1864)
FN:2,(anonymous_1865)
FN:2,(anonymous_1866)
FN:2,(anonymous_1867)
FN:2,(anonymous_1868)
FN:2,(anonymous_1869)
FN:2,(anonymous_1870)
FN:2,(anonymous_1871)
FN:2,(anonymous_1872)
FN:2,(anonymous_1873)
FN:2,(anonymous_1874)
FN:2,(anonymous_1875)
FN:2,(anonymous_1876)
FN:2,(anonymous_1877)
FN:2,(anonymous_1878)
FN:2,(anonymous_1879)
FN:2,(anonymous_1880)
FN:2,(anonymous_1881)
FN:2,(anonymous_1882)
FN:2,(anonymous_1883)
FN:2,(anonymous_1884)
FN:2,(anonymous_1885)
FN:2,(anonymous_1886)
FN:2,(anonymous_1887)
FN:2,(anonymous_1888)
FN:2,(anonymous_1889)
FN:2,b
FN:2,(anonymous_1891)
FN:2,(anonymous_1892)
FN:2,_
FN:2,w
FN:2,x
FN:2,E
FN:2,(anonymous_1897)
FN:2,k
FN:2,(anonymous_1899)
FN:2,S
FN:2,(anonymous_1901)
FN:2,(anonymous_1902)
FN:2,t
FN:2,(anonymous_1904)
FN:2,(anonymous_1905)
FN:2,(anonymous_1906)
FN:2,(anonymous_1907)
FN:2,(anonymous_1908)
FN:2,C
FN:2,(anonymous_1910)
FN:2,(anonymous_1911)
FN:2,P
FN:2,M
FN:2,j
FN:2,(anonymous_1915)
FN:2,D
FN:2,(anonymous_1917)
FN:2,A
FN:2,(anonymous_1919)
FN:2,(anonymous_1920)
FN:2,t
FN:2,(anonymous_1922)
FN:2,(anonymous_1923)
FN:2,(anonymous_1924)
FN:2,(anonymous_1925)
FN:2,(anonymous_1926)
FN:2,(anonymous_1927)
FN:2,(anonymous_1928)
FN:2,(anonymous_1929)
FN:2,(anonymous_1930)
FN:2,(anonymous_1931)
FN:2,(anonymous_1932)
FN:2,B
FN:2,q
FN:2,(anonymous_1935)
FN:2,(anonymous_1936)
FN:2,Q
FN:2,G
FN:2,X
FN:2,(anonymous_1940)
FN:2,K
FN:2,(anonymous_1942)
FN:2,J
FN:2,(anonymous_1944)
FN:2,(anonymous_1945)
FN:2,t
FN:2,(anonymous_1947)
FN:2,(anonymous_1948)
FN:2,(anonymous_1949)
FN:2,(anonymous_1950)
FN:2,ue
FN:2,(anonymous_1952)
FN:2,(anonymous_1953)
FN:2,ce
FN:2,fe
FN:2,de
FN:2,(anonymous_1957)
FN:2,pe
FN:2,(anonymous_1959)
FN:2,he
FN:2,(anonymous_1961)
FN:2,(anonymous_1962)
FN:2,t
FN:2,(anonymous_1964)
FN:2,(anonymous_1965)
FN:2,ye
FN:2,(anonymous_1967)
FN:2,(anonymous_1968)
FN:2,be
FN:2,_e
FN:2,we
FN:2,xe
FN:2,Ee
FN:2,ke
FN:2,(anonymous_1975)
FN:2,Se
FN:2,(anonymous_1977)
FN:2,Oe
FN:2,(anonymous_1979)
FN:2,Te
FN:2,(anonymous_1981)
FN:2,v
FN:2,g
FN:2,(anonymous_1984)
FN:2,(anonymous_1985)
FN:2,(anonymous_1986)
FN:2,(anonymous_1987)
FN:2,(anonymous_1988)
FN:2,(anonymous_1989)
FN:2,(anonymous_1990)
FN:2,(anonymous_1991)
FN:2,(anonymous_1992)
FN:2,(anonymous_1993)
FN:2,(anonymous_1994)
FN:2,e
FN:2,(anonymous_1996)
FN:2,e
FN:2,(anonymous_1998)
FN:2,(anonymous_1999)
FN:2,(anonymous_2000)
FN:2,(anonymous_2001)
FN:2,He
FN:2,t
FN:2,(anonymous_2004)
FN:2,Ve
FN:2,(anonymous_2006)
FN:2,We
FN:2,(anonymous_2008)
FN:2,(anonymous_2009)
FN:2,(anonymous_2010)
FN:2,Ye
FN:2,(anonymous_2012)
FN:2,(anonymous_2013)
FN:2,Qe
FN:2,Ke
FN:2,Je
FN:2,(anonymous_2017)
FN:2,Ze
FN:2,(anonymous_2019)
FN:2,et
FN:2,tt
FN:2,(anonymous_2022)
FN:2,(anonymous_2023)
FN:2,(anonymous_2024)
FN:2,(anonymous_2025)
FN:2,ot
FN:2,(anonymous_2027)
FN:2,o
FN:2,(anonymous_2029)
FN:2,(anonymous_2030)
FN:2,(anonymous_2031)
FN:2,it
FN:2,(anonymous_2033)
FN:2,(anonymous_2034)
FN:2,at
FN:2,(anonymous_2036)
FN:2,(anonymous_2037)
FN:2,(anonymous_2038)
FN:2,gt
FN:2,yt
FN:2,bt
FN:2,wt
FN:2,xt
FN:2,Et
FN:2,n
FN:2,(anonymous_2046)
FN:2,(anonymous_2047)
FN:2,(anonymous_2048)
FN:2,(anonymous_2049)
FN:2,(anonymous_2050)
FN:2,(anonymous_2051)
FN:2,St
FN:2,o
FN:2,(anonymous_2054)
FN:2,(anonymous_2055)
FN:2,Ot
FN:2,(anonymous_2057)
FN:2,(anonymous_2058)
FN:2,(anonymous_2059)
FN:2,(anonymous_2060)
FN:2,t
FN:2,(anonymous_2062)
FN:2,(anonymous_2063)
FN:2,(anonymous_2064)
FN:2,(anonymous_2065)
FN:2,(anonymous_2066)
FN:2,(anonymous_2067)
FN:2,(anonymous_2068)
FN:2,Ct
FN:2,Pt
FN:2,(anonymous_2071)
FN:2,Mt
FN:2,(anonymous_2073)
FN:2,t
FN:2,(anonymous_2075)
FN:2,(anonymous_2076)
FN:2,(anonymous_2077)
FN:2,At
FN:2,It
FN:2,(anonymous_2080)
FN:2,(anonymous_2081)
FN:2,(anonymous_2082)
FN:2,Vt
FN:2,(anonymous_2084)
FN:2,(anonymous_2085)
FN:2,Wt
FN:2,Yt
FN:2,$t
FN:2,(anonymous_2089)
FN:2,qt
FN:2,(anonymous_2091)
FN:2,Qt
FN:2,(anonymous_2093)
FN:2,(anonymous_2094)
FN:2,t
FN:2,(anonymous_2096)
FN:2,(anonymous_2097)
FN:2,an
FN:2,(anonymous_2099)
FN:2,(anonymous_2100)
FN:2,sn
FN:2,(anonymous_2102)
FN:2,ln
FN:2,un
FN:2,cn
FN:2,(anonymous_2106)
FN:2,fn
FN:2,(anonymous_2108)
FN:2,dn
FN:2,(anonymous_2110)
FN:2,(anonymous_2111)
FN:2,t
FN:2,(anonymous_2113)
FN:2,(anonymous_2114)
FN:2,(anonymous_2115)
FN:2,(anonymous_2116)
FN:2,(anonymous_2117)
FN:2,(anonymous_2118)
FN:2,(anonymous_2119)
FN:2,(anonymous_2120)
FN:2,(anonymous_2121)
FN:2,(anonymous_2122)
FN:2,(anonymous_2123)
FN:2,(anonymous_2124)
FN:2,(anonymous_2125)
FN:2,(anonymous_2126)
FN:2,(anonymous_2127)
FN:2,(anonymous_2128)
FN:2,(anonymous_2129)
FN:2,(anonymous_2130)
FN:2,mn
FN:2,(anonymous_2132)
FN:2,(anonymous_2133)
FN:2,vn
FN:2,(anonymous_2135)
FN:2,gn
FN:2,yn
FN:2,bn
FN:2,(anonymous_2139)
FN:2,_n
FN:2,(anonymous_2141)
FN:2,wn
FN:2,(anonymous_2143)
FN:2,(anonymous_2144)
FN:2,t
FN:2,(anonymous_2146)
FN:2,(anonymous_2147)
FN:2,(anonymous_2148)
FN:2,(anonymous_2149)
FN:2,Tn
FN:2,(anonymous_2151)
FN:2,(anonymous_2152)
FN:2,Nn
FN:2,(anonymous_2154)
FN:2,Cn
FN:2,Pn
FN:2,Mn
FN:2,(anonymous_2158)
FN:2,jn
FN:2,(anonymous_2160)
FN:2,Dn
FN:2,(anonymous_2162)
FN:2,(anonymous_2163)
FN:2,t
FN:2,(anonymous_2165)
FN:2,(anonymous_2166)
FN:2,(anonymous_2167)
FN:2,(anonymous_2168)
FN:2,(anonymous_2169)
FN:2,(anonymous_2170)
FN:2,(anonymous_2171)
FN:2,(anonymous_2172)
FN:2,(anonymous_2173)
FN:2,(anonymous_2174)
FN:2,(anonymous_2175)
FN:2,(anonymous_2176)
FN:2,(anonymous_2177)
FN:2,(anonymous_2178)
FN:2,(anonymous_2179)
FN:2,Zn
FN:2,nr
FN:2,(anonymous_2182)
FN:2,(anonymous_2183)
FN:2,rr
FN:2,or
FN:2,(anonymous_2186)
FN:2,ir
FN:2,ar
FN:2,(anonymous_2189)
FN:2,(anonymous_2190)
FN:2,t
FN:2,(anonymous_2192)
FN:2,(anonymous_2193)
FN:2,(anonymous_2194)
FN:2,(anonymous_2195)
FN:2,(anonymous_2196)
FN:2,hr
FN:2,(anonymous_2198)
FN:2,(anonymous_2199)
FN:2,mr
FN:2,vr
FN:2,gr
FN:2,yr
FN:2,(anonymous_2204)
FN:2,br
FN:2,(anonymous_2206)
FN:2,_r
FN:2,(anonymous_2208)
FN:2,(anonymous_2209)
FN:2,t
FN:2,(anonymous_2211)
FN:2,(anonymous_2212)
FN:2,(anonymous_2213)
FN:2,(anonymous_2214)
FN:2,(anonymous_2215)
FN:2,(anonymous_2216)
FN:2,(anonymous_2217)
FN:2,(anonymous_2218)
FN:2,(anonymous_2219)
FN:2,(anonymous_2220)
FN:2,(anonymous_2221)
FN:2,(anonymous_2222)
FN:2,Cr
FN:2,(anonymous_2224)
FN:2,(anonymous_2225)
FN:2,Pr
FN:2,Mr
FN:2,jr
FN:2,(anonymous_2229)
FN:2,Dr
FN:2,(anonymous_2231)
FN:2,Ar
FN:2,(anonymous_2233)
FN:2,Ir
FN:2,(anonymous_2235)
FN:2,(anonymous_2236)
FN:2,(anonymous_2237)
FN:2,(anonymous_2238)
FN:2,(anonymous_2239)
FN:2,t
FN:2,(anonymous_2241)
FN:2,(anonymous_2242)
FN:2,(anonymous_2243)
FN:2,(anonymous_2244)
FN:2,(anonymous_2245)
FN:2,(anonymous_2246)
FN:2,(anonymous_2247)
FN:2,(anonymous_2248)
FN:2,Qr
FN:2,(anonymous_2250)
FN:2,(anonymous_2251)
FN:2,Gr
FN:2,Xr
FN:2,(anonymous_2254)
FN:2,Kr
FN:2,Jr
FN:2,(anonymous_2257)
FN:2,(anonymous_2258)
FN:2,t
FN:2,(anonymous_2260)
FN:2,(anonymous_2261)
FN:2,(anonymous_2262)
FN:2,(anonymous_2263)
FN:2,(anonymous_2264)
FN:2,(anonymous_2265)
FN:2,(anonymous_2266)
FN:2,oo
FN:2,(anonymous_2268)
FN:2,(anonymous_2269)
FN:2,io
FN:2,ao
FN:2,so
FN:2,(anonymous_2273)
FN:2,lo
FN:2,(anonymous_2275)
FN:2,uo
FN:2,(anonymous_2277)
FN:2,(anonymous_2278)
FN:2,t
FN:2,(anonymous_2280)
FN:2,(anonymous_2281)
FN:2,(anonymous_2282)
FN:2,(anonymous_2283)
FN:2,(anonymous_2284)
FN:2,(anonymous_2285)
FN:2,(anonymous_2286)
FN:2,(anonymous_2287)
FN:2,(anonymous_2288)
FN:2,So
FN:2,(anonymous_2290)
FN:2,(anonymous_2291)
FN:2,Oo
FN:2,To
FN:2,No
FN:2,(anonymous_2295)
FN:2,Co
FN:2,(anonymous_2297)
FN:2,Po
FN:2,(anonymous_2299)
FN:2,(anonymous_2300)
FN:2,t
FN:2,(anonymous_2302)
FN:2,(anonymous_2303)
FN:2,(anonymous_2304)
FN:2,(anonymous_2305)
FN:2,(anonymous_2306)
FN:2,(anonymous_2307)
FN:2,(anonymous_2308)
FN:2,(anonymous_2309)
FN:2,Io
FN:2,(anonymous_2311)
FN:2,Vo
FN:2,Wo
FN:2,Yo
FN:2,$o
FN:2,(anonymous_2316)
FN:2,(anonymous_2317)
FN:2,(anonymous_2318)
FN:2,(anonymous_2319)
FN:2,(anonymous_2320)
FN:2,e
FN:2,(anonymous_2322)
FN:2,(anonymous_2323)
FN:2,(anonymous_2324)
FN:2,(anonymous_2325)
FN:2,(anonymous_2326)
FN:2,(anonymous_2327)
FN:2,(anonymous_2328)
FN:2,(anonymous_2329)
FN:2,(anonymous_2330)
FN:2,(anonymous_2331)
FN:2,(anonymous_2332)
FN:2,(anonymous_2333)
FN:2,(anonymous_2334)
FN:2,(anonymous_2335)
FN:2,(anonymous_2336)
FN:2,(anonymous_2337)
FN:2,(anonymous_2338)
FN:2,(anonymous_2339)
FN:2,(anonymous_2340)
FN:2,(anonymous_2341)
FN:2,(anonymous_2342)
FN:2,(anonymous_2343)
FN:2,(anonymous_2344)
FN:2,(anonymous_2345)
FN:2,(anonymous_2346)
FNF:2347
FNH:0
FNDA:0,(anonymous_0)
FNDA:0,n
FNDA:0,(anonymous_2)
FNDA:0,(anonymous_3)
FNDA:0,(anonymous_4)
FNDA:0,(anonymous_5)
FNDA:0,(anonymous_6)
FNDA:0,(anonymous_7)
FNDA:0,(anonymous_8)
FNDA:0,(anonymous_9)
FNDA:0,(anonymous_10)
FNDA:0,(anonymous_11)
FNDA:0,(anonymous_12)
FNDA:0,S
FNDA:0,(anonymous_14)
FNDA:0,(anonymous_15)
FNDA:0,(anonymous_16)
FNDA:0,(anonymous_17)
FNDA:0,(anonymous_18)
FNDA:0,(anonymous_19)
FNDA:0,(anonymous_20)
FNDA:0,(anonymous_21)
FNDA:0,o
FNDA:0,(anonymous_23)
FNDA:0,(anonymous_24)
FNDA:0,(anonymous_25)
FNDA:0,(anonymous_26)
FNDA:0,(anonymous_27)
FNDA:0,(anonymous_28)
FNDA:0,(anonymous_29)
FNDA:0,(anonymous_30)
FNDA:0,(anonymous_31)
FNDA:0,(anonymous_32)
FNDA:0,(anonymous_33)
FNDA:0,(anonymous_34)
FNDA:0,(anonymous_35)
FNDA:0,(anonymous_36)
FNDA:0,(anonymous_37)
FNDA:0,(anonymous_38)
FNDA:0,(anonymous_39)
FNDA:0,(anonymous_40)
FNDA:0,(anonymous_41)
FNDA:0,(anonymous_42)
FNDA:0,(anonymous_43)
FNDA:0,a
FNDA:0,(anonymous_45)
FNDA:0,s
FNDA:0,c
FNDA:0,f
FNDA:0,d
FNDA:0,p
FNDA:0,(anonymous_51)
FNDA:0,(anonymous_52)
FNDA:0,m
FNDA:0,v
FNDA:0,g
FNDA:0,y
FNDA:0,(anonymous_57)
FNDA:0,b
FNDA:0,_
FNDA:0,w
FNDA:0,(anonymous_61)
FNDA:0,e
FNDA:0,(anonymous_63)
FNDA:0,(anonymous_64)
FNDA:0,(anonymous_65)
FNDA:0,(anonymous_66)
FNDA:0,(anonymous_67)
FNDA:0,(anonymous_68)
FNDA:0,(anonymous_69)
FNDA:0,(anonymous_70)
FNDA:0,(anonymous_71)
FNDA:0,S
FNDA:0,(anonymous_73)
FNDA:0,(anonymous_74)
FNDA:0,(anonymous_75)
FNDA:0,(anonymous_76)
FNDA:0,M
FNDA:0,(anonymous_78)
FNDA:0,(anonymous_79)
FNDA:0,j
FNDA:0,D
FNDA:0,(anonymous_82)
FNDA:0,(anonymous_83)
FNDA:0,A
FNDA:0,I
FNDA:0,R
FNDA:0,z
FNDA:0,(anonymous_88)
FNDA:0,L
FNDA:0,(anonymous_90)
FNDA:0,(anonymous_91)
FNDA:0,W
FNDA:0,(anonymous_93)
FNDA:0,(anonymous_94)
FNDA:0,(anonymous_95)
FNDA:0,(anonymous_96)
FNDA:0,(anonymous_97)
FNDA:0,(anonymous_98)
FNDA:0,q
FNDA:0,(anonymous_100)
FNDA:0,(anonymous_101)
FNDA:0,G
FNDA:0,(anonymous_103)
FNDA:0,X
FNDA:0,(anonymous_105)
FNDA:0,K
FNDA:0,J
FNDA:0,Z
FNDA:0,ee
FNDA:0,(anonymous_110)
FNDA:0,t
FNDA:0,(anonymous_112)
FNDA:0,n
FNDA:0,(anonymous_114)
FNDA:0,(anonymous_115)
FNDA:0,(anonymous_116)
FNDA:0,(anonymous_117)
FNDA:0,(anonymous_118)
FNDA:0,(anonymous_119)
FNDA:0,(anonymous_120)
FNDA:0,(anonymous_121)
FNDA:0,(anonymous_122)
FNDA:0,(anonymous_123)
FNDA:0,(anonymous_124)
FNDA:0,(anonymous_125)
FNDA:0,e
FNDA:0,(anonymous_127)
FNDA:0,(anonymous_128)
FNDA:0,(anonymous_129)
FNDA:0,(anonymous_130)
FNDA:0,(anonymous_131)
FNDA:0,(anonymous_132)
FNDA:0,(anonymous_133)
FNDA:0,(anonymous_134)
FNDA:0,(anonymous_135)
FNDA:0,(anonymous_136)
FNDA:0,(anonymous_137)
FNDA:0,(anonymous_138)
FNDA:0,(anonymous_139)
FNDA:0,(anonymous_140)
FNDA:0,(anonymous_141)
FNDA:0,(anonymous_142)
FNDA:0,(anonymous_143)
FNDA:0,(anonymous_144)
FNDA:0,(anonymous_145)
FNDA:0,(anonymous_146)
FNDA:0,(anonymous_147)
FNDA:0,(anonymous_148)
FNDA:0,(anonymous_149)
FNDA:0,(anonymous_150)
FNDA:0,le
FNDA:0,ue
FNDA:0,ce
FNDA:0,fe
FNDA:0,(anonymous_155)
FNDA:0,de
FNDA:0,pe
FNDA:0,he
FNDA:0,me
FNDA:0,ve
FNDA:0,(anonymous_161)
FNDA:0,(anonymous_162)
FNDA:0,(anonymous_163)
FNDA:0,we
FNDA:0,xe
FNDA:0,Ee
FNDA:0,ke
FNDA:0,Se
FNDA:0,Oe
FNDA:0,Te
FNDA:0,Ne
FNDA:0,Ce
FNDA:0,(anonymous_173)
FNDA:0,(anonymous_174)
FNDA:0,e
FNDA:0,(anonymous_176)
FNDA:0,(anonymous_177)
FNDA:0,(anonymous_178)
FNDA:0,(anonymous_179)
FNDA:0,(anonymous_180)
FNDA:0,(anonymous_181)
FNDA:0,(anonymous_182)
FNDA:0,(anonymous_183)
FNDA:0,(anonymous_184)
FNDA:0,(anonymous_185)
FNDA:0,(anonymous_186)
FNDA:0,(anonymous_187)
FNDA:0,(anonymous_188)
FNDA:0,je
FNDA:0,De
FNDA:0,Ie
FNDA:0,(anonymous_192)
FNDA:0,(anonymous_193)
FNDA:0,Re
FNDA:0,(anonymous_195)
FNDA:0,ze
FNDA:0,Fe
FNDA:0,(anonymous_198)
FNDA:0,(anonymous_199)
FNDA:0,Le
FNDA:0,(anonymous_201)
FNDA:0,(anonymous_202)
FNDA:0,(anonymous_203)
FNDA:0,(anonymous_204)
FNDA:0,Be
FNDA:0,He
FNDA:0,(anonymous_207)
FNDA:0,(anonymous_208)
FNDA:0,(anonymous_209)
FNDA:0,a
FNDA:0,(anonymous_211)
FNDA:0,(anonymous_212)
FNDA:0,(anonymous_213)
FNDA:0,(anonymous_214)
FNDA:0,(anonymous_215)
FNDA:0,We
FNDA:0,(anonymous_217)
FNDA:0,Ye
FNDA:0,(anonymous_219)
FNDA:0,(anonymous_220)
FNDA:0,v
FNDA:0,(anonymous_222)
FNDA:0,$e
FNDA:0,(anonymous_224)
FNDA:0,qe
FNDA:0,Qe
FNDA:0,Ge
FNDA:0,Xe
FNDA:0,Ke
FNDA:0,(anonymous_230)
FNDA:0,Je
FNDA:0,Ze
FNDA:0,et
FNDA:0,tt
FNDA:0,nt
FNDA:0,rt
FNDA:0,(anonymous_237)
FNDA:0,(anonymous_238)
FNDA:0,(anonymous_239)
FNDA:0,(anonymous_240)
FNDA:0,(anonymous_241)
FNDA:0,(anonymous_242)
FNDA:0,it
FNDA:0,at
FNDA:0,st
FNDA:0,(anonymous_246)
FNDA:0,lt
FNDA:0,ut
FNDA:0,ct
FNDA:0,(anonymous_250)
FNDA:0,ft
FNDA:0,(anonymous_252)
FNDA:0,(anonymous_253)
FNDA:0,(anonymous_254)
FNDA:0,pt
FNDA:0,(anonymous_256)
FNDA:0,e
FNDA:0,(anonymous_258)
FNDA:0,(anonymous_259)
FNDA:0,(anonymous_260)
FNDA:0,(anonymous_261)
FNDA:0,(anonymous_262)
FNDA:0,(anonymous_263)
FNDA:0,(anonymous_264)
FNDA:0,(anonymous_265)
FNDA:0,(anonymous_266)
FNDA:0,(anonymous_267)
FNDA:0,(anonymous_268)
FNDA:0,(anonymous_269)
FNDA:0,(anonymous_270)
FNDA:0,(anonymous_271)
FNDA:0,(anonymous_272)
FNDA:0,(anonymous_273)
FNDA:0,(anonymous_274)
FNDA:0,(anonymous_275)
FNDA:0,(anonymous_276)
FNDA:0,(anonymous_277)
FNDA:0,(anonymous_278)
FNDA:0,(anonymous_279)
FNDA:0,(anonymous_280)
FNDA:0,(anonymous_281)
FNDA:0,(anonymous_282)
FNDA:0,(anonymous_283)
FNDA:0,(anonymous_284)
FNDA:0,(anonymous_285)
FNDA:0,(anonymous_286)
FNDA:0,(anonymous_287)
FNDA:0,(anonymous_288)
FNDA:0,(anonymous_289)
FNDA:0,(anonymous_290)
FNDA:0,yt
FNDA:0,(anonymous_292)
FNDA:0,e
FNDA:0,(anonymous_294)
FNDA:0,(anonymous_295)
FNDA:0,(anonymous_296)
FNDA:0,(anonymous_297)
FNDA:0,(anonymous_298)
FNDA:0,(anonymous_299)
FNDA:0,(anonymous_300)
FNDA:0,(anonymous_301)
FNDA:0,(anonymous_302)
FNDA:0,(anonymous_303)
FNDA:0,(anonymous_304)
FNDA:0,(anonymous_305)
FNDA:0,(anonymous_306)
FNDA:0,(anonymous_307)
FNDA:0,(anonymous_308)
FNDA:0,(anonymous_309)
FNDA:0,(anonymous_310)
FNDA:0,(anonymous_311)
FNDA:0,(anonymous_312)
FNDA:0,(anonymous_313)
FNDA:0,(anonymous_314)
FNDA:0,(anonymous_315)
FNDA:0,(anonymous_316)
FNDA:0,(anonymous_317)
FNDA:0,(anonymous_318)
FNDA:0,(anonymous_319)
FNDA:0,(anonymous_320)
FNDA:0,(anonymous_321)
FNDA:0,(anonymous_322)
FNDA:0,(anonymous_323)
FNDA:0,(anonymous_324)
FNDA:0,(anonymous_325)
FNDA:0,(anonymous_326)
FNDA:0,(anonymous_327)
FNDA:0,(anonymous_328)
FNDA:0,(anonymous_329)
FNDA:0,(anonymous_330)
FNDA:0,(anonymous_331)
FNDA:0,(anonymous_332)
FNDA:0,(anonymous_333)
FNDA:0,e
FNDA:0,(anonymous_335)
FNDA:0,(anonymous_336)
FNDA:0,(anonymous_337)
FNDA:0,(anonymous_338)
FNDA:0,(anonymous_339)
FNDA:0,(anonymous_340)
FNDA:0,(anonymous_341)
FNDA:0,(anonymous_342)
FNDA:0,(anonymous_343)
FNDA:0,(anonymous_344)
FNDA:0,(anonymous_345)
FNDA:0,(anonymous_346)
FNDA:0,(anonymous_347)
FNDA:0,(anonymous_348)
FNDA:0,(anonymous_349)
FNDA:0,(anonymous_350)
FNDA:0,(anonymous_351)
FNDA:0,(anonymous_352)
FNDA:0,(anonymous_353)
FNDA:0,(anonymous_354)
FNDA:0,(anonymous_355)
FNDA:0,(anonymous_356)
FNDA:0,(anonymous_357)
FNDA:0,(anonymous_358)
FNDA:0,(anonymous_359)
FNDA:0,(anonymous_360)
FNDA:0,e
FNDA:0,(anonymous_362)
FNDA:0,(anonymous_363)
FNDA:0,(anonymous_364)
FNDA:0,(anonymous_365)
FNDA:0,(anonymous_366)
FNDA:0,(anonymous_367)
FNDA:0,(anonymous_368)
FNDA:0,(anonymous_369)
FNDA:0,(anonymous_370)
FNDA:0,(anonymous_371)
FNDA:0,(anonymous_372)
FNDA:0,(anonymous_373)
FNDA:0,(anonymous_374)
FNDA:0,(anonymous_375)
FNDA:0,(anonymous_376)
FNDA:0,(anonymous_377)
FNDA:0,(anonymous_378)
FNDA:0,Tt
FNDA:0,Pt
FNDA:0,jt
FNDA:0,Dt
FNDA:0,At
FNDA:0,It
FNDA:0,zt
FNDA:0,Ft
FNDA:0,(anonymous_387)
FNDA:0,Lt
FNDA:0,Ut
FNDA:0,Bt
FNDA:0,Ht
FNDA:0,(anonymous_392)
FNDA:0,(anonymous_393)
FNDA:0,(anonymous_394)
FNDA:0,(anonymous_395)
FNDA:0,(anonymous_396)
FNDA:0,(anonymous_397)
FNDA:0,(anonymous_398)
FNDA:0,(anonymous_399)
FNDA:0,(anonymous_400)
FNDA:0,(anonymous_401)
FNDA:0,(anonymous_402)
FNDA:0,(anonymous_403)
FNDA:0,(anonymous_404)
FNDA:0,(anonymous_405)
FNDA:0,e
FNDA:0,(anonymous_407)
FNDA:0,(anonymous_408)
FNDA:0,(anonymous_409)
FNDA:0,(anonymous_410)
FNDA:0,(anonymous_411)
FNDA:0,(anonymous_412)
FNDA:0,(anonymous_413)
FNDA:0,(anonymous_414)
FNDA:0,o
FNDA:0,(anonymous_416)
FNDA:0,(anonymous_417)
FNDA:0,(anonymous_418)
FNDA:0,(anonymous_419)
FNDA:0,(anonymous_420)
FNDA:0,(anonymous_421)
FNDA:0,(anonymous_422)
FNDA:0,(anonymous_423)
FNDA:0,(anonymous_424)
FNDA:0,(anonymous_425)
FNDA:0,(anonymous_426)
FNDA:0,(anonymous_427)
FNDA:0,(anonymous_428)
FNDA:0,(anonymous_429)
FNDA:0,(anonymous_430)
FNDA:0,(anonymous_431)
FNDA:0,f
FNDA:0,d
FNDA:0,p
FNDA:0,h
FNDA:0,m
FNDA:0,v
FNDA:0,(anonymous_438)
FNDA:0,g
FNDA:0,e
FNDA:0,y
FNDA:0,s
FNDA:0,l
FNDA:0,t
FNDA:0,u
FNDA:0,c
FNDA:0,b
FNDA:0,(anonymous_448)
FNDA:0,_
FNDA:0,w
FNDA:0,t
FNDA:0,n
FNDA:0,o
FNDA:0,i
FNDA:0,(anonymous_455)
FNDA:0,(anonymous_456)
FNDA:0,(anonymous_457)
FNDA:0,(anonymous_458)
FNDA:0,(anonymous_459)
FNDA:0,(anonymous_460)
FNDA:0,(anonymous_461)
FNDA:0,x
FNDA:0,i
FNDA:0,a
FNDA:0,s
FNDA:0,l
FNDA:0,d
FNDA:0,h
FNDA:0,m
FNDA:0,v
FNDA:0,g
FNDA:0,y
FNDA:0,b
FNDA:0,E
FNDA:0,(anonymous_475)
FNDA:0,k
FNDA:0,(anonymous_477)
FNDA:0,S
FNDA:0,O
FNDA:0,T
FNDA:0,N
FNDA:0,C
FNDA:0,P
FNDA:0,(anonymous_484)
FNDA:0,M
FNDA:0,j
FNDA:0,D
FNDA:0,(anonymous_488)
FNDA:0,(anonymous_489)
FNDA:0,(anonymous_490)
FNDA:0,(anonymous_491)
FNDA:0,(anonymous_492)
FNDA:0,(anonymous_493)
FNDA:0,(anonymous_494)
FNDA:0,(anonymous_495)
FNDA:0,l
FNDA:0,(anonymous_497)
FNDA:0,(anonymous_498)
FNDA:0,(anonymous_499)
FNDA:0,(anonymous_500)
FNDA:0,(anonymous_501)
FNDA:0,(anonymous_502)
FNDA:0,(anonymous_503)
FNDA:0,(anonymous_504)
FNDA:0,(anonymous_505)
FNDA:0,(anonymous_506)
FNDA:0,(anonymous_507)
FNDA:0,(anonymous_508)
FNDA:0,(anonymous_509)
FNDA:0,(anonymous_510)
FNDA:0,(anonymous_511)
FNDA:0,(anonymous_512)
FNDA:0,(anonymous_513)
FNDA:0,(anonymous_514)
FNDA:0,(anonymous_515)
FNDA:0,(anonymous_516)
FNDA:0,(anonymous_517)
FNDA:0,(anonymous_518)
FNDA:0,l
FNDA:0,(anonymous_520)
FNDA:0,(anonymous_521)
FNDA:0,e
FNDA:0,(anonymous_523)
FNDA:0,(anonymous_524)
FNDA:0,(anonymous_525)
FNDA:0,(anonymous_526)
FNDA:0,(anonymous_527)
FNDA:0,(anonymous_528)
FNDA:0,(anonymous_529)
FNDA:0,(anonymous_530)
FNDA:0,(anonymous_531)
FNDA:0,(anonymous_532)
FNDA:0,(anonymous_533)
FNDA:0,(anonymous_534)
FNDA:0,(anonymous_535)
FNDA:0,(anonymous_536)
FNDA:0,(anonymous_537)
FNDA:0,(anonymous_538)
FNDA:0,(anonymous_539)
FNDA:0,(anonymous_540)
FNDA:0,(anonymous_541)
FNDA:0,(anonymous_542)
FNDA:0,(anonymous_543)
FNDA:0,(anonymous_544)
FNDA:0,(anonymous_545)
FNDA:0,(anonymous_546)
FNDA:0,(anonymous_547)
FNDA:0,(anonymous_548)
FNDA:0,(anonymous_549)
FNDA:0,(anonymous_550)
FNDA:0,(anonymous_551)
FNDA:0,(anonymous_552)
FNDA:0,(anonymous_553)
FNDA:0,(anonymous_554)
FNDA:0,a
FNDA:0,(anonymous_556)
FNDA:0,(anonymous_557)
FNDA:0,(anonymous_558)
FNDA:0,(anonymous_559)
FNDA:0,(anonymous_560)
FNDA:0,(anonymous_561)
FNDA:0,(anonymous_562)
FNDA:0,(anonymous_563)
FNDA:0,(anonymous_564)
FNDA:0,(anonymous_565)
FNDA:0,(anonymous_566)
FNDA:0,(anonymous_567)
FNDA:0,(anonymous_568)
FNDA:0,(anonymous_569)
FNDA:0,(anonymous_570)
FNDA:0,(anonymous_571)
FNDA:0,(anonymous_572)
FNDA:0,u
FNDA:0,(anonymous_574)
FNDA:0,(anonymous_575)
FNDA:0,(anonymous_576)
FNDA:0,(anonymous_577)
FNDA:0,(anonymous_578)
FNDA:0,(anonymous_579)
FNDA:0,(anonymous_580)
FNDA:0,(anonymous_581)
FNDA:0,(anonymous_582)
FNDA:0,(anonymous_583)
FNDA:0,(anonymous_584)
FNDA:0,(anonymous_585)
FNDA:0,(anonymous_586)
FNDA:0,(anonymous_587)
FNDA:0,(anonymous_588)
FNDA:0,(anonymous_589)
FNDA:0,(anonymous_590)
FNDA:0,(anonymous_591)
FNDA:0,(anonymous_592)
FNDA:0,(anonymous_593)
FNDA:0,(anonymous_594)
FNDA:0,(anonymous_595)
FNDA:0,(anonymous_596)
FNDA:0,(anonymous_597)
FNDA:0,(anonymous_598)
FNDA:0,(anonymous_599)
FNDA:0,(anonymous_600)
FNDA:0,(anonymous_601)
FNDA:0,(anonymous_602)
FNDA:0,(anonymous_603)
FNDA:0,(anonymous_604)
FNDA:0,(anonymous_605)
FNDA:0,(anonymous_606)
FNDA:0,(anonymous_607)
FNDA:0,(anonymous_608)
FNDA:0,(anonymous_609)
FNDA:0,(anonymous_610)
FNDA:0,(anonymous_611)
FNDA:0,(anonymous_612)
FNDA:0,(anonymous_613)
FNDA:0,(anonymous_614)
FNDA:0,(anonymous_615)
FNDA:0,(anonymous_616)
FNDA:0,(anonymous_617)
FNDA:0,(anonymous_618)
FNDA:0,(anonymous_619)
FNDA:0,(anonymous_620)
FNDA:0,(anonymous_621)
FNDA:0,(anonymous_622)
FNDA:0,(anonymous_623)
FNDA:0,(anonymous_624)
FNDA:0,(anonymous_625)
FNDA:0,(anonymous_626)
FNDA:0,(anonymous_627)
FNDA:0,(anonymous_628)
FNDA:0,(anonymous_629)
FNDA:0,(anonymous_630)
FNDA:0,(anonymous_631)
FNDA:0,(anonymous_632)
FNDA:0,(anonymous_633)
FNDA:0,(anonymous_634)
FNDA:0,(anonymous_635)
FNDA:0,(anonymous_636)
FNDA:0,(anonymous_637)
FNDA:0,(anonymous_638)
FNDA:0,(anonymous_639)
FNDA:0,(anonymous_640)
FNDA:0,(anonymous_641)
FNDA:0,(anonymous_642)
FNDA:0,(anonymous_643)
FNDA:0,(anonymous_644)
FNDA:0,(anonymous_645)
FNDA:0,(anonymous_646)
FNDA:0,(anonymous_647)
FNDA:0,(anonymous_648)
FNDA:0,(anonymous_649)
FNDA:0,(anonymous_650)
FNDA:0,(anonymous_651)
FNDA:0,(anonymous_652)
FNDA:0,(anonymous_653)
FNDA:0,(anonymous_654)
FNDA:0,(anonymous_655)
FNDA:0,(anonymous_656)
FNDA:0,(anonymous_657)
FNDA:0,(anonymous_658)
FNDA:0,(anonymous_659)
FNDA:0,(anonymous_660)
FNDA:0,(anonymous_661)
FNDA:0,(anonymous_662)
FNDA:0,(anonymous_663)
FNDA:0,(anonymous_664)
FNDA:0,(anonymous_665)
FNDA:0,(anonymous_666)
FNDA:0,(anonymous_667)
FNDA:0,(anonymous_668)
FNDA:0,(anonymous_669)
FNDA:0,(anonymous_670)
FNDA:0,(anonymous_671)
FNDA:0,(anonymous_672)
FNDA:0,(anonymous_673)
FNDA:0,(anonymous_674)
FNDA:0,(anonymous_675)
FNDA:0,(anonymous_676)
FNDA:0,(anonymous_677)
FNDA:0,(anonymous_678)
FNDA:0,(anonymous_679)
FNDA:0,(anonymous_680)
FNDA:0,(anonymous_681)
FNDA:0,(anonymous_682)
FNDA:0,(anonymous_683)
FNDA:0,(anonymous_684)
FNDA:0,(anonymous_685)
FNDA:0,(anonymous_686)
FNDA:0,(anonymous_687)
FNDA:0,(anonymous_688)
FNDA:0,(anonymous_689)
FNDA:0,(anonymous_690)
FNDA:0,(anonymous_691)
FNDA:0,(anonymous_692)
FNDA:0,(anonymous_693)
FNDA:0,(anonymous_694)
FNDA:0,(anonymous_695)
FNDA:0,(anonymous_696)
FNDA:0,(anonymous_697)
FNDA:0,(anonymous_698)
FNDA:0,(anonymous_699)
FNDA:0,(anonymous_700)
FNDA:0,(anonymous_701)
FNDA:0,(anonymous_702)
FNDA:0,(anonymous_703)
FNDA:0,(anonymous_704)
FNDA:0,(anonymous_705)
FNDA:0,(anonymous_706)
FNDA:0,(anonymous_707)
FNDA:0,(anonymous_708)
FNDA:0,(anonymous_709)
FNDA:0,(anonymous_710)
FNDA:0,(anonymous_711)
FNDA:0,(anonymous_712)
FNDA:0,(anonymous_713)
FNDA:0,(anonymous_714)
FNDA:0,(anonymous_715)
FNDA:0,o
FNDA:0,(anonymous_717)
FNDA:0,(anonymous_718)
FNDA:0,(anonymous_719)
FNDA:0,(anonymous_720)
FNDA:0,(anonymous_721)
FNDA:0,(anonymous_722)
FNDA:0,s
FNDA:0,(anonymous_724)
FNDA:0,(anonymous_725)
FNDA:0,(anonymous_726)
FNDA:0,(anonymous_727)
FNDA:0,(anonymous_728)
FNDA:0,(anonymous_729)
FNDA:0,t
FNDA:0,n
FNDA:0,(anonymous_732)
FNDA:0,p
FNDA:0,(anonymous_734)
FNDA:0,(anonymous_735)
FNDA:0,(anonymous_736)
FNDA:0,(anonymous_737)
FNDA:0,(anonymous_738)
FNDA:0,(anonymous_739)
FNDA:0,(anonymous_740)
FNDA:0,(anonymous_741)
FNDA:0,(anonymous_742)
FNDA:0,u
FNDA:0,c
FNDA:0,(anonymous_745)
FNDA:0,(anonymous_746)
FNDA:0,(anonymous_747)
FNDA:0,(anonymous_748)
FNDA:0,(anonymous_749)
FNDA:0,(anonymous_750)
FNDA:0,(anonymous_751)
FNDA:0,(anonymous_752)
FNDA:0,(anonymous_753)
FNDA:0,t
FNDA:0,(anonymous_755)
FNDA:0,(anonymous_756)
FNDA:0,t
FNDA:0,(anonymous_758)
FNDA:0,(anonymous_759)
FNDA:0,(anonymous_760)
FNDA:0,(anonymous_761)
FNDA:0,(anonymous_762)
FNDA:0,t
FNDA:0,n
FNDA:0,r
FNDA:0,(anonymous_766)
FNDA:0,(anonymous_767)
FNDA:0,(anonymous_768)
FNDA:0,r
FNDA:0,o
FNDA:0,(anonymous_771)
FNDA:0,(anonymous_772)
FNDA:0,i
FNDA:0,(anonymous_774)
FNDA:0,(anonymous_775)
FNDA:0,(anonymous_776)
FNDA:0,r
FNDA:0,o
FNDA:0,i
FNDA:0,a
FNDA:0,s
FNDA:0,(anonymous_782)
FNDA:0,(anonymous_783)
FNDA:0,l
FNDA:0,(anonymous_785)
FNDA:0,(anonymous_786)
FNDA:0,(anonymous_787)
FNDA:0,r
FNDA:0,o
FNDA:0,(anonymous_790)
FNDA:0,i
FNDA:0,a
FNDA:0,s
FNDA:0,l
FNDA:0,u
FNDA:0,c
FNDA:0,f
FNDA:0,d
FNDA:0,p
FNDA:0,h
FNDA:0,m
FNDA:0,v
FNDA:0,g
FNDA:0,y
FNDA:0,(anonymous_805)
FNDA:0,b
FNDA:0,(anonymous_807)
FNDA:0,_
FNDA:0,w
FNDA:0,x
FNDA:0,E
FNDA:0,(anonymous_812)
FNDA:0,i
FNDA:0,(anonymous_814)
FNDA:0,(anonymous_815)
FNDA:0,(anonymous_816)
FNDA:0,(anonymous_817)
FNDA:0,(anonymous_818)
FNDA:0,S
FNDA:0,(anonymous_820)
FNDA:0,(anonymous_821)
FNDA:0,(anonymous_822)
FNDA:0,(anonymous_823)
FNDA:0,(anonymous_824)
FNDA:0,i
FNDA:0,a
FNDA:0,(anonymous_827)
FNDA:0,(anonymous_828)
FNDA:0,s
FNDA:0,l
FNDA:0,u
FNDA:0,c
FNDA:0,f
FNDA:0,d
FNDA:0,p
FNDA:0,h
FNDA:0,(anonymous_837)
FNDA:0,(anonymous_838)
FNDA:0,(anonymous_839)
FNDA:0,m
FNDA:0,(anonymous_841)
FNDA:0,(anonymous_842)
FNDA:0,v
FNDA:0,(anonymous_844)
FNDA:0,g
FNDA:0,(anonymous_846)
FNDA:0,y
FNDA:0,(anonymous_848)
FNDA:0,b
FNDA:0,(anonymous_850)
FNDA:0,_
FNDA:0,(anonymous_852)
FNDA:0,w
FNDA:0,(anonymous_854)
FNDA:0,o
FNDA:0,i
FNDA:0,(anonymous_857)
FNDA:0,(anonymous_858)
FNDA:0,(anonymous_859)
FNDA:0,r
FNDA:0,o
FNDA:0,(anonymous_862)
FNDA:0,r
FNDA:0,(anonymous_864)
FNDA:0,(anonymous_865)
FNDA:0,o
FNDA:0,(anonymous_867)
FNDA:0,r
FNDA:0,o
FNDA:0,(anonymous_870)
FNDA:0,o
FNDA:0,(anonymous_872)
FNDA:0,(anonymous_873)
FNDA:0,(anonymous_874)
FNDA:0,(anonymous_875)
FNDA:0,(anonymous_876)
FNDA:0,(anonymous_877)
FNDA:0,i
FNDA:0,(anonymous_879)
FNDA:0,o
FNDA:0,(anonymous_881)
FNDA:0,(anonymous_882)
FNDA:0,(anonymous_883)
FNDA:0,(anonymous_884)
FNDA:0,(anonymous_885)
FNDA:0,(anonymous_886)
FNDA:0,i
FNDA:0,(anonymous_888)
FNDA:0,o
FNDA:0,i
FNDA:0,(anonymous_891)
FNDA:0,(anonymous_892)
FNDA:0,(anonymous_893)
FNDA:0,(anonymous_894)
FNDA:0,a
FNDA:0,(anonymous_896)
FNDA:0,(anonymous_897)
FNDA:0,(anonymous_898)
FNDA:0,g
FNDA:0,(anonymous_900)
FNDA:0,(anonymous_901)
FNDA:0,(anonymous_902)
FNDA:0,(anonymous_903)
FNDA:0,_
FNDA:0,w
FNDA:0,x
FNDA:0,(anonymous_907)
FNDA:0,(anonymous_908)
FNDA:0,T
FNDA:0,N
FNDA:0,M
FNDA:0,j
FNDA:0,D
FNDA:0,A
FNDA:0,I
FNDA:0,(anonymous_916)
FNDA:0,(anonymous_917)
FNDA:0,R
FNDA:0,z
FNDA:0,(anonymous_920)
FNDA:0,(anonymous_921)
FNDA:0,F
FNDA:0,U
FNDA:0,(anonymous_924)
FNDA:0,(anonymous_925)
FNDA:0,(anonymous_926)
FNDA:0,(anonymous_927)
FNDA:0,(anonymous_928)
FNDA:0,(anonymous_929)
FNDA:0,(anonymous_930)
FNDA:0,(anonymous_931)
FNDA:0,(anonymous_932)
FNDA:0,(anonymous_933)
FNDA:0,(anonymous_934)
FNDA:0,(anonymous_935)
FNDA:0,(anonymous_936)
FNDA:0,(anonymous_937)
FNDA:0,(anonymous_938)
FNDA:0,(anonymous_939)
FNDA:0,(anonymous_940)
FNDA:0,(anonymous_941)
FNDA:0,(anonymous_942)
FNDA:0,(anonymous_943)
FNDA:0,(anonymous_944)
FNDA:0,(anonymous_945)
FNDA:0,(anonymous_946)
FNDA:0,(anonymous_947)
FNDA:0,(anonymous_948)
FNDA:0,a
FNDA:0,s
FNDA:0,(anonymous_951)
FNDA:0,p
FNDA:0,g
FNDA:0,(anonymous_954)
FNDA:0,_
FNDA:0,w
FNDA:0,O
FNDA:0,M
FNDA:0,j
FNDA:0,D
FNDA:0,A
FNDA:0,I
FNDA:0,R
FNDA:0,U
FNDA:0,B
FNDA:0,$
FNDA:0,(anonymous_967)
FNDA:0,(anonymous_968)
FNDA:0,(anonymous_969)
FNDA:0,(anonymous_970)
FNDA:0,(anonymous_971)
FNDA:0,(anonymous_972)
FNDA:0,(anonymous_973)
FNDA:0,(anonymous_974)
FNDA:0,(anonymous_975)
FNDA:0,G
FNDA:0,(anonymous_977)
FNDA:0,(anonymous_978)
FNDA:0,(anonymous_979)
FNDA:0,(anonymous_980)
FNDA:0,(anonymous_981)
FNDA:0,K
FNDA:0,(anonymous_983)
FNDA:0,(anonymous_984)
FNDA:0,(anonymous_985)
FNDA:0,me
FNDA:0,ve
FNDA:0,ge
FNDA:0,ye
FNDA:0,be
FNDA:0,_e
FNDA:0,(anonymous_992)
FNDA:0,(anonymous_993)
FNDA:0,(anonymous_994)
FNDA:0,(anonymous_995)
FNDA:0,(anonymous_996)
FNDA:0,(anonymous_997)
FNDA:0,we
FNDA:0,xe
FNDA:0,Ee
FNDA:0,ke
FNDA:0,Se
FNDA:0,Oe
FNDA:0,Te
FNDA:0,Ne
FNDA:0,(anonymous_1006)
FNDA:0,(anonymous_1007)
FNDA:0,Ce
FNDA:0,Pe
FNDA:0,Me
FNDA:0,je
FNDA:0,De
FNDA:0,Re
FNDA:0,ze
FNDA:0,(anonymous_1015)
FNDA:0,(anonymous_1016)
FNDA:0,(anonymous_1017)
FNDA:0,Be
FNDA:0,He
FNDA:0,$e
FNDA:0,Ze
FNDA:0,et
FNDA:0,tt
FNDA:0,nt
FNDA:0,rt
FNDA:0,(anonymous_1026)
FNDA:0,ot
FNDA:0,it
FNDA:0,st
FNDA:0,lt
FNDA:0,ut
FNDA:0,ct
FNDA:0,dt
FNDA:0,pt
FNDA:0,ht
FNDA:0,mt
FNDA:0,Ct
FNDA:0,Pt
FNDA:0,Mt
FNDA:0,jt
FNDA:0,(anonymous_1041)
FNDA:0,Dt
FNDA:0,At
FNDA:0,It
FNDA:0,Rt
FNDA:0,zt
FNDA:0,t
FNDA:0,Ht
FNDA:0,Qt
FNDA:0,Gt
FNDA:0,Xt
FNDA:0,Kt
FNDA:0,Jt
FNDA:0,(anonymous_1054)
FNDA:0,Zt
FNDA:0,nn
FNDA:0,rn
FNDA:0,(anonymous_1058)
FNDA:0,(anonymous_1059)
FNDA:0,an
FNDA:0,sn
FNDA:0,un
FNDA:0,cn
FNDA:0,fn
FNDA:0,dn
FNDA:0,pn
FNDA:0,hn
FNDA:0,mn
FNDA:0,vn
FNDA:0,wn
FNDA:0,xn
FNDA:0,Sn
FNDA:0,On
FNDA:0,Mn
FNDA:0,jn
FNDA:0,Dn
FNDA:0,An
FNDA:0,In
FNDA:0,Rn
FNDA:0,zn
FNDA:0,Fn
FNDA:0,Ln
FNDA:0,Un
FNDA:0,Bn
FNDA:0,Yn
FNDA:0,$n
FNDA:0,qn
FNDA:0,Qn
FNDA:0,Gn
FNDA:0,Xn
FNDA:0,Kn
FNDA:0,(anonymous_1092)
FNDA:0,(anonymous_1093)
FNDA:0,(anonymous_1094)
FNDA:0,(anonymous_1095)
FNDA:0,(anonymous_1096)
FNDA:0,(anonymous_1097)
FNDA:0,(anonymous_1098)
FNDA:0,t
FNDA:0,n
FNDA:0,lr
FNDA:0,ur
FNDA:0,(anonymous_1103)
FNDA:0,(anonymous_1104)
FNDA:0,(anonymous_1105)
FNDA:0,pr
FNDA:0,mr
FNDA:0,yr
FNDA:0,br
FNDA:0,_r
FNDA:0,xr
FNDA:0,Er
FNDA:0,kr
FNDA:0,Sr
FNDA:0,Or
FNDA:0,Tr
FNDA:0,(anonymous_1117)
FNDA:0,Mr
FNDA:0,jr
FNDA:0,(anonymous_1120)
FNDA:0,(anonymous_1121)
FNDA:0,(anonymous_1122)
FNDA:0,(anonymous_1123)
FNDA:0,(anonymous_1124)
FNDA:0,Vr
FNDA:0,Xr
FNDA:0,(anonymous_1127)
FNDA:0,(anonymous_1128)
FNDA:0,to
FNDA:0,(anonymous_1130)
FNDA:0,(anonymous_1131)
FNDA:0,(anonymous_1132)
FNDA:0,(anonymous_1133)
FNDA:0,(anonymous_1134)
FNDA:0,(anonymous_1135)
FNDA:0,(anonymous_1136)
FNDA:0,po
FNDA:0,ho
FNDA:0,bo
FNDA:0,_o
FNDA:0,wo
FNDA:0,xo
FNDA:0,Eo
FNDA:0,ko
FNDA:0,So
FNDA:0,(anonymous_1146)
FNDA:0,(anonymous_1147)
FNDA:0,Yo
FNDA:0,$o
FNDA:0,qo
FNDA:0,Qo
FNDA:0,Go
FNDA:0,Xo
FNDA:0,Ko
FNDA:0,(anonymous_1155)
FNDA:0,Jo
FNDA:0,Zo
FNDA:0,oi
FNDA:0,ii
FNDA:0,ai
FNDA:0,si
FNDA:0,li
FNDA:0,ci
FNDA:0,fi
FNDA:0,di
FNDA:0,pi
FNDA:0,hi
FNDA:0,mi
FNDA:0,vi
FNDA:0,bi
FNDA:0,(anonymous_1171)
FNDA:0,(anonymous_1172)
FNDA:0,(anonymous_1173)
FNDA:0,(anonymous_1174)
FNDA:0,wi
FNDA:0,xi
FNDA:0,Ei
FNDA:0,ki
FNDA:0,Oi
FNDA:0,(anonymous_1180)
FNDA:0,Ti
FNDA:0,Ni
FNDA:0,t
FNDA:0,n
FNDA:0,r
FNDA:0,o
FNDA:0,i
FNDA:0,s
FNDA:0,l
FNDA:0,u
FNDA:0,c
FNDA:0,f
FNDA:0,d
FNDA:0,p
FNDA:0,h
FNDA:0,m
FNDA:0,(anonymous_1197)
FNDA:0,v
FNDA:0,(anonymous_1199)
FNDA:0,(anonymous_1200)
FNDA:0,Ii
FNDA:0,Ri
FNDA:0,zi
FNDA:0,Fi
FNDA:0,Li
FNDA:0,Bi
FNDA:0,Hi
FNDA:0,Xi
FNDA:0,Ki
FNDA:0,Ji
FNDA:0,Zi
FNDA:0,ea
FNDA:0,ta
FNDA:0,na
FNDA:0,ra
FNDA:0,oa
FNDA:0,ia
FNDA:0,aa
FNDA:0,sa
FNDA:0,la
FNDA:0,ua
FNDA:0,ca
FNDA:0,fa
FNDA:0,da
FNDA:0,(anonymous_1225)
FNDA:0,(anonymous_1226)
FNDA:0,pa
FNDA:0,ha
FNDA:0,ma
FNDA:0,va
FNDA:0,ga
FNDA:0,ya
FNDA:0,(anonymous_1233)
FNDA:0,(anonymous_1234)
FNDA:0,ba
FNDA:0,(anonymous_1236)
FNDA:0,(anonymous_1237)
FNDA:0,(anonymous_1238)
FNDA:0,(anonymous_1239)
FNDA:0,(anonymous_1240)
FNDA:0,(anonymous_1241)
FNDA:0,(anonymous_1242)
FNDA:0,(anonymous_1243)
FNDA:0,(anonymous_1244)
FNDA:0,(anonymous_1245)
FNDA:0,(anonymous_1246)
FNDA:0,(anonymous_1247)
FNDA:0,(anonymous_1248)
FNDA:0,(anonymous_1249)
FNDA:0,(anonymous_1250)
FNDA:0,(anonymous_1251)
FNDA:0,Ta
FNDA:0,Na
FNDA:0,Ca
FNDA:0,Pa
FNDA:0,Ma
FNDA:0,ja
FNDA:0,Ia
FNDA:0,Ra
FNDA:0,za
FNDA:0,Fa
FNDA:0,La
FNDA:0,Ua
FNDA:0,Ba
FNDA:0,Ha
FNDA:0,Va
FNDA:0,Qa
FNDA:0,Ga
FNDA:0,Xa
FNDA:0,Ka
FNDA:0,Ja
FNDA:0,Za
FNDA:0,es
FNDA:0,ts
FNDA:0,ns
FNDA:0,(anonymous_1276)
FNDA:0,(anonymous_1277)
FNDA:0,(anonymous_1278)
FNDA:0,os
FNDA:0,(anonymous_1280)
FNDA:0,is
FNDA:0,as
FNDA:0,ss
FNDA:0,ls
FNDA:0,us
FNDA:0,cs
FNDA:0,(anonymous_1287)
FNDA:0,(anonymous_1288)
FNDA:0,fs
FNDA:0,ds
FNDA:0,ps
FNDA:0,hs
FNDA:0,ms
FNDA:0,vs
FNDA:0,gs
FNDA:0,ys
FNDA:0,(anonymous_1297)
FNDA:0,_s
FNDA:0,(anonymous_1299)
FNDA:0,ws
FNDA:0,(anonymous_1301)
FNDA:0,(anonymous_1302)
FNDA:0,el
FNDA:0,tl
FNDA:0,nl
FNDA:0,rl
FNDA:0,ol
FNDA:0,il
FNDA:0,al
FNDA:0,sl
FNDA:0,ll
FNDA:0,ul
FNDA:0,cl
FNDA:0,fl
FNDA:0,dl
FNDA:0,pl
FNDA:0,hl
FNDA:0,ml
FNDA:0,vl
FNDA:0,gl
FNDA:0,yl
FNDA:0,bl
FNDA:0,_l
FNDA:0,wl
FNDA:0,xl
FNDA:0,(anonymous_1326)
FNDA:0,El
FNDA:0,kl
FNDA:0,Sl
FNDA:0,Ol
FNDA:0,Tl
FNDA:0,Nl
FNDA:0,(anonymous_1333)
FNDA:0,(anonymous_1334)
FNDA:0,(anonymous_1335)
FNDA:0,(anonymous_1336)
FNDA:0,(anonymous_1337)
FNDA:0,Ml
FNDA:0,jl
FNDA:0,Dl
FNDA:0,Al
FNDA:0,Il
FNDA:0,Rl
FNDA:0,zl
FNDA:0,Fl
FNDA:0,Ll
FNDA:0,Ul
FNDA:0,Bl
FNDA:0,Hl
FNDA:0,Vl
FNDA:0,Wl
FNDA:0,Yl
FNDA:0,$l
FNDA:0,ql
FNDA:0,Ql
FNDA:0,(anonymous_1356)
FNDA:0,(anonymous_1357)
FNDA:0,(anonymous_1358)
FNDA:0,Gl
FNDA:0,Xl
FNDA:0,(anonymous_1361)
FNDA:0,(anonymous_1362)
FNDA:0,(anonymous_1363)
FNDA:0,(anonymous_1364)
FNDA:0,Kl
FNDA:0,Jl
FNDA:0,(anonymous_1367)
FNDA:0,(anonymous_1368)
FNDA:0,(anonymous_1369)
FNDA:0,(anonymous_1370)
FNDA:0,(anonymous_1371)
FNDA:0,(anonymous_1372)
FNDA:0,(anonymous_1373)
FNDA:0,(anonymous_1374)
FNDA:0,(anonymous_1375)
FNDA:0,(anonymous_1376)
FNDA:0,(anonymous_1377)
FNDA:0,(anonymous_1378)
FNDA:0,(anonymous_1379)
FNDA:0,(anonymous_1380)
FNDA:0,(anonymous_1381)
FNDA:0,(anonymous_1382)
FNDA:0,(anonymous_1383)
FNDA:0,(anonymous_1384)
FNDA:0,(anonymous_1385)
FNDA:0,(anonymous_1386)
FNDA:0,(anonymous_1387)
FNDA:0,(anonymous_1388)
FNDA:0,(anonymous_1389)
FNDA:0,(anonymous_1390)
FNDA:0,(anonymous_1391)
FNDA:0,(anonymous_1392)
FNDA:0,(anonymous_1393)
FNDA:0,(anonymous_1394)
FNDA:0,(anonymous_1395)
FNDA:0,(anonymous_1396)
FNDA:0,(anonymous_1397)
FNDA:0,(anonymous_1398)
FNDA:0,(anonymous_1399)
FNDA:0,(anonymous_1400)
FNDA:0,(anonymous_1401)
FNDA:0,(anonymous_1402)
FNDA:0,(anonymous_1403)
FNDA:0,(anonymous_1404)
FNDA:0,(anonymous_1405)
FNDA:0,(anonymous_1406)
FNDA:0,(anonymous_1407)
FNDA:0,(anonymous_1408)
FNDA:0,(anonymous_1409)
FNDA:0,(anonymous_1410)
FNDA:0,(anonymous_1411)
FNDA:0,(anonymous_1412)
FNDA:0,(anonymous_1413)
FNDA:0,S
FNDA:0,O
FNDA:0,T
FNDA:0,N
FNDA:0,z
FNDA:0,F
FNDA:0,L
FNDA:0,U
FNDA:0,(anonymous_1422)
FNDA:0,(anonymous_1423)
FNDA:0,(anonymous_1424)
FNDA:0,(anonymous_1425)
FNDA:0,(anonymous_1426)
FNDA:0,(anonymous_1427)
FNDA:0,(anonymous_1428)
FNDA:0,(anonymous_1429)
FNDA:0,(anonymous_1430)
FNDA:0,(anonymous_1431)
FNDA:0,(anonymous_1432)
FNDA:0,(anonymous_1433)
FNDA:0,o
FNDA:0,i
FNDA:0,(anonymous_1436)
FNDA:0,e
FNDA:0,t
FNDA:0,(anonymous_1439)
FNDA:0,(anonymous_1440)
FNDA:0,(anonymous_1441)
FNDA:0,(anonymous_1442)
FNDA:0,(anonymous_1443)
FNDA:0,(anonymous_1444)
FNDA:0,(anonymous_1445)
FNDA:0,(anonymous_1446)
FNDA:0,(anonymous_1447)
FNDA:0,(anonymous_1448)
FNDA:0,(anonymous_1449)
FNDA:0,(anonymous_1450)
FNDA:0,o
FNDA:0,(anonymous_1452)
FNDA:0,(anonymous_1453)
FNDA:0,(anonymous_1454)
FNDA:0,(anonymous_1455)
FNDA:0,l
FNDA:0,(anonymous_1457)
FNDA:0,(anonymous_1458)
FNDA:0,(anonymous_1459)
FNDA:0,(anonymous_1460)
FNDA:0,(anonymous_1461)
FNDA:0,(anonymous_1462)
FNDA:0,(anonymous_1463)
FNDA:0,(anonymous_1464)
FNDA:0,(anonymous_1465)
FNDA:0,(anonymous_1466)
FNDA:0,(anonymous_1467)
FNDA:0,(anonymous_1468)
FNDA:0,(anonymous_1469)
FNDA:0,(anonymous_1470)
FNDA:0,(anonymous_1471)
FNDA:0,(anonymous_1472)
FNDA:0,(anonymous_1473)
FNDA:0,(anonymous_1474)
FNDA:0,(anonymous_1475)
FNDA:0,(anonymous_1476)
FNDA:0,(anonymous_1477)
FNDA:0,(anonymous_1478)
FNDA:0,(anonymous_1479)
FNDA:0,(anonymous_1480)
FNDA:0,(anonymous_1481)
FNDA:0,(anonymous_1482)
FNDA:0,(anonymous_1483)
FNDA:0,(anonymous_1484)
FNDA:0,(anonymous_1485)
FNDA:0,(anonymous_1486)
FNDA:0,(anonymous_1487)
FNDA:0,(anonymous_1488)
FNDA:0,(anonymous_1489)
FNDA:0,(anonymous_1490)
FNDA:0,(anonymous_1491)
FNDA:0,(anonymous_1492)
FNDA:0,(anonymous_1493)
FNDA:0,(anonymous_1494)
FNDA:0,(anonymous_1495)
FNDA:0,(anonymous_1496)
FNDA:0,e
FNDA:0,(anonymous_1498)
FNDA:0,(anonymous_1499)
FNDA:0,(anonymous_1500)
FNDA:0,(anonymous_1501)
FNDA:0,(anonymous_1502)
FNDA:0,(anonymous_1503)
FNDA:0,(anonymous_1504)
FNDA:0,(anonymous_1505)
FNDA:0,(anonymous_1506)
FNDA:0,(anonymous_1507)
FNDA:0,(anonymous_1508)
FNDA:0,(anonymous_1509)
FNDA:0,(anonymous_1510)
FNDA:0,(anonymous_1511)
FNDA:0,(anonymous_1512)
FNDA:0,a
FNDA:0,(anonymous_1514)
FNDA:0,(anonymous_1515)
FNDA:0,(anonymous_1516)
FNDA:0,(anonymous_1517)
FNDA:0,(anonymous_1518)
FNDA:0,(anonymous_1519)
FNDA:0,(anonymous_1520)
FNDA:0,(anonymous_1521)
FNDA:0,(anonymous_1522)
FNDA:0,(anonymous_1523)
FNDA:0,(anonymous_1524)
FNDA:0,(anonymous_1525)
FNDA:0,(anonymous_1526)
FNDA:0,(anonymous_1527)
FNDA:0,(anonymous_1528)
FNDA:0,(anonymous_1529)
FNDA:0,(anonymous_1530)
FNDA:0,(anonymous_1531)
FNDA:0,(anonymous_1532)
FNDA:0,(anonymous_1533)
FNDA:0,(anonymous_1534)
FNDA:0,(anonymous_1535)
FNDA:0,(anonymous_1536)
FNDA:0,(anonymous_1537)
FNDA:0,(anonymous_1538)
FNDA:0,(anonymous_1539)
FNDA:0,(anonymous_1540)
FNDA:0,(anonymous_1541)
FNDA:0,(anonymous_1542)
FNDA:0,(anonymous_1543)
FNDA:0,(anonymous_1544)
FNDA:0,(anonymous_1545)
FNDA:0,(anonymous_1546)
FNDA:0,(anonymous_1547)
FNDA:0,(anonymous_1548)
FNDA:0,(anonymous_1549)
FNDA:0,(anonymous_1550)
FNDA:0,(anonymous_1551)
FNDA:0,(anonymous_1552)
FNDA:0,(anonymous_1553)
FNDA:0,(anonymous_1554)
FNDA:0,(anonymous_1555)
FNDA:0,(anonymous_1556)
FNDA:0,(anonymous_1557)
FNDA:0,(anonymous_1558)
FNDA:0,(anonymous_1559)
FNDA:0,(anonymous_1560)
FNDA:0,(anonymous_1561)
FNDA:0,(anonymous_1562)
FNDA:0,(anonymous_1563)
FNDA:0,(anonymous_1564)
FNDA:0,(anonymous_1565)
FNDA:0,(anonymous_1566)
FNDA:0,(anonymous_1567)
FNDA:0,(anonymous_1568)
FNDA:0,(anonymous_1569)
FNDA:0,(anonymous_1570)
FNDA:0,(anonymous_1571)
FNDA:0,(anonymous_1572)
FNDA:0,i
FNDA:0,a
FNDA:0,s
FNDA:0,(anonymous_1576)
FNDA:0,d
FNDA:0,p
FNDA:0,(anonymous_1579)
FNDA:0,h
FNDA:0,m
FNDA:0,(anonymous_1582)
FNDA:0,(anonymous_1583)
FNDA:0,(anonymous_1584)
FNDA:0,(anonymous_1585)
FNDA:0,(anonymous_1586)
FNDA:0,(anonymous_1587)
FNDA:0,(anonymous_1588)
FNDA:0,(anonymous_1589)
FNDA:0,(anonymous_1590)
FNDA:0,(anonymous_1591)
FNDA:0,(anonymous_1592)
FNDA:0,(anonymous_1593)
FNDA:0,(anonymous_1594)
FNDA:0,(anonymous_1595)
FNDA:0,(anonymous_1596)
FNDA:0,(anonymous_1597)
FNDA:0,(anonymous_1598)
FNDA:0,(anonymous_1599)
FNDA:0,(anonymous_1600)
FNDA:0,(anonymous_1601)
FNDA:0,(anonymous_1602)
FNDA:0,(anonymous_1603)
FNDA:0,(anonymous_1604)
FNDA:0,(anonymous_1605)
FNDA:0,(anonymous_1606)
FNDA:0,(anonymous_1607)
FNDA:0,(anonymous_1608)
FNDA:0,(anonymous_1609)
FNDA:0,(anonymous_1610)
FNDA:0,(anonymous_1611)
FNDA:0,(anonymous_1612)
FNDA:0,(anonymous_1613)
FNDA:0,(anonymous_1614)
FNDA:0,(anonymous_1615)
FNDA:0,(anonymous_1616)
FNDA:0,(anonymous_1617)
FNDA:0,(anonymous_1618)
FNDA:0,(anonymous_1619)
FNDA:0,(anonymous_1620)
FNDA:0,(anonymous_1621)
FNDA:0,(anonymous_1622)
FNDA:0,(anonymous_1623)
FNDA:0,(anonymous_1624)
FNDA:0,(anonymous_1625)
FNDA:0,(anonymous_1626)
FNDA:0,(anonymous_1627)
FNDA:0,(anonymous_1628)
FNDA:0,(anonymous_1629)
FNDA:0,(anonymous_1630)
FNDA:0,(anonymous_1631)
FNDA:0,(anonymous_1632)
FNDA:0,(anonymous_1633)
FNDA:0,(anonymous_1634)
FNDA:0,(anonymous_1635)
FNDA:0,(anonymous_1636)
FNDA:0,(anonymous_1637)
FNDA:0,(anonymous_1638)
FNDA:0,(anonymous_1639)
FNDA:0,(anonymous_1640)
FNDA:0,(anonymous_1641)
FNDA:0,(anonymous_1642)
FNDA:0,(anonymous_1643)
FNDA:0,(anonymous_1644)
FNDA:0,(anonymous_1645)
FNDA:0,(anonymous_1646)
FNDA:0,(anonymous_1647)
FNDA:0,(anonymous_1648)
FNDA:0,(anonymous_1649)
FNDA:0,(anonymous_1650)
FNDA:0,(anonymous_1651)
FNDA:0,(anonymous_1652)
FNDA:0,(anonymous_1653)
FNDA:0,(anonymous_1654)
FNDA:0,(anonymous_1655)
FNDA:0,(anonymous_1656)
FNDA:0,(anonymous_1657)
FNDA:0,(anonymous_1658)
FNDA:0,(anonymous_1659)
FNDA:0,(anonymous_1660)
FNDA:0,(anonymous_1661)
FNDA:0,(anonymous_1662)
FNDA:0,(anonymous_1663)
FNDA:0,(anonymous_1664)
FNDA:0,(anonymous_1665)
FNDA:0,(anonymous_1666)
FNDA:0,(anonymous_1667)
FNDA:0,(anonymous_1668)
FNDA:0,(anonymous_1669)
FNDA:0,(anonymous_1670)
FNDA:0,(anonymous_1671)
FNDA:0,(anonymous_1672)
FNDA:0,(anonymous_1673)
FNDA:0,(anonymous_1674)
FNDA:0,(anonymous_1675)
FNDA:0,(anonymous_1676)
FNDA:0,(anonymous_1677)
FNDA:0,(anonymous_1678)
FNDA:0,(anonymous_1679)
FNDA:0,(anonymous_1680)
FNDA:0,(anonymous_1681)
FNDA:0,(anonymous_1682)
FNDA:0,(anonymous_1683)
FNDA:0,(anonymous_1684)
FNDA:0,(anonymous_1685)
FNDA:0,(anonymous_1686)
FNDA:0,(anonymous_1687)
FNDA:0,(anonymous_1688)
FNDA:0,(anonymous_1689)
FNDA:0,(anonymous_1690)
FNDA:0,(anonymous_1691)
FNDA:0,c
FNDA:0,f
FNDA:0,d
FNDA:0,(anonymous_1695)
FNDA:0,(anonymous_1696)
FNDA:0,(anonymous_1697)
FNDA:0,(anonymous_1698)
FNDA:0,(anonymous_1699)
FNDA:0,(anonymous_1700)
FNDA:0,(anonymous_1701)
FNDA:0,(anonymous_1702)
FNDA:0,(anonymous_1703)
FNDA:0,(anonymous_1704)
FNDA:0,(anonymous_1705)
FNDA:0,(anonymous_1706)
FNDA:0,(anonymous_1707)
FNDA:0,(anonymous_1708)
FNDA:0,(anonymous_1709)
FNDA:0,(anonymous_1710)
FNDA:0,(anonymous_1711)
FNDA:0,(anonymous_1712)
FNDA:0,(anonymous_1713)
FNDA:0,(anonymous_1714)
FNDA:0,(anonymous_1715)
FNDA:0,(anonymous_1716)
FNDA:0,(anonymous_1717)
FNDA:0,(anonymous_1718)
FNDA:0,(anonymous_1719)
FNDA:0,(anonymous_1720)
FNDA:0,(anonymous_1721)
FNDA:0,(anonymous_1722)
FNDA:0,(anonymous_1723)
FNDA:0,(anonymous_1724)
FNDA:0,(anonymous_1725)
FNDA:0,(anonymous_1726)
FNDA:0,(anonymous_1727)
FNDA:0,(anonymous_1728)
FNDA:0,(anonymous_1729)
FNDA:0,(anonymous_1730)
FNDA:0,(anonymous_1731)
FNDA:0,(anonymous_1732)
FNDA:0,(anonymous_1733)
FNDA:0,(anonymous_1734)
FNDA:0,(anonymous_1735)
FNDA:0,(anonymous_1736)
FNDA:0,(anonymous_1737)
FNDA:0,(anonymous_1738)
FNDA:0,(anonymous_1739)
FNDA:0,(anonymous_1740)
FNDA:0,(anonymous_1741)
FNDA:0,(anonymous_1742)
FNDA:0,(anonymous_1743)
FNDA:0,(anonymous_1744)
FNDA:0,(anonymous_1745)
FNDA:0,(anonymous_1746)
FNDA:0,(anonymous_1747)
FNDA:0,(anonymous_1748)
FNDA:0,(anonymous_1749)
FNDA:0,(anonymous_1750)
FNDA:0,(anonymous_1751)
FNDA:0,(anonymous_1752)
FNDA:0,(anonymous_1753)
FNDA:0,(anonymous_1754)
FNDA:0,(anonymous_1755)
FNDA:0,(anonymous_1756)
FNDA:0,(anonymous_1757)
FNDA:0,(anonymous_1758)
FNDA:0,(anonymous_1759)
FNDA:0,(anonymous_1760)
FNDA:0,(anonymous_1761)
FNDA:0,(anonymous_1762)
FNDA:0,(anonymous_1763)
FNDA:0,(anonymous_1764)
FNDA:0,(anonymous_1765)
FNDA:0,(anonymous_1766)
FNDA:0,(anonymous_1767)
FNDA:0,(anonymous_1768)
FNDA:0,(anonymous_1769)
FNDA:0,(anonymous_1770)
FNDA:0,(anonymous_1771)
FNDA:0,(anonymous_1772)
FNDA:0,(anonymous_1773)
FNDA:0,(anonymous_1774)
FNDA:0,(anonymous_1775)
FNDA:0,(anonymous_1776)
FNDA:0,(anonymous_1777)
FNDA:0,(anonymous_1778)
FNDA:0,(anonymous_1779)
FNDA:0,(anonymous_1780)
FNDA:0,(anonymous_1781)
FNDA:0,(anonymous_1782)
FNDA:0,(anonymous_1783)
FNDA:0,(anonymous_1784)
FNDA:0,(anonymous_1785)
FNDA:0,(anonymous_1786)
FNDA:0,(anonymous_1787)
FNDA:0,(anonymous_1788)
FNDA:0,(anonymous_1789)
FNDA:0,(anonymous_1790)
FNDA:0,(anonymous_1791)
FNDA:0,(anonymous_1792)
FNDA:0,(anonymous_1793)
FNDA:0,(anonymous_1794)
FNDA:0,(anonymous_1795)
FNDA:0,(anonymous_1796)
FNDA:0,(anonymous_1797)
FNDA:0,(anonymous_1798)
FNDA:0,(anonymous_1799)
FNDA:0,(anonymous_1800)
FNDA:0,(anonymous_1801)
FNDA:0,(anonymous_1802)
FNDA:0,(anonymous_1803)
FNDA:0,(anonymous_1804)
FNDA:0,(anonymous_1805)
FNDA:0,(anonymous_1806)
FNDA:0,(anonymous_1807)
FNDA:0,(anonymous_1808)
FNDA:0,(anonymous_1809)
FNDA:0,(anonymous_1810)
FNDA:0,(anonymous_1811)
FNDA:0,(anonymous_1812)
FNDA:0,(anonymous_1813)
FNDA:0,(anonymous_1814)
FNDA:0,(anonymous_1815)
FNDA:0,(anonymous_1816)
FNDA:0,(anonymous_1817)
FNDA:0,(anonymous_1818)
FNDA:0,(anonymous_1819)
FNDA:0,(anonymous_1820)
FNDA:0,(anonymous_1821)
FNDA:0,(anonymous_1822)
FNDA:0,(anonymous_1823)
FNDA:0,(anonymous_1824)
FNDA:0,(anonymous_1825)
FNDA:0,(anonymous_1826)
FNDA:0,(anonymous_1827)
FNDA:0,(anonymous_1828)
FNDA:0,(anonymous_1829)
FNDA:0,(anonymous_1830)
FNDA:0,(anonymous_1831)
FNDA:0,(anonymous_1832)
FNDA:0,(anonymous_1833)
FNDA:0,(anonymous_1834)
FNDA:0,(anonymous_1835)
FNDA:0,(anonymous_1836)
FNDA:0,(anonymous_1837)
FNDA:0,(anonymous_1838)
FNDA:0,(anonymous_1839)
FNDA:0,(anonymous_1840)
FNDA:0,(anonymous_1841)
FNDA:0,(anonymous_1842)
FNDA:0,(anonymous_1843)
FNDA:0,(anonymous_1844)
FNDA:0,(anonymous_1845)
FNDA:0,(anonymous_1846)
FNDA:0,(anonymous_1847)
FNDA:0,(anonymous_1848)
FNDA:0,(anonymous_1849)
FNDA:0,(anonymous_1850)
FNDA:0,(anonymous_1851)
FNDA:0,(anonymous_1852)
FNDA:0,(anonymous_1853)
FNDA:0,(anonymous_1854)
FNDA:0,(anonymous_1855)
FNDA:0,(anonymous_1856)
FNDA:0,(anonymous_1857)
FNDA:0,(anonymous_1858)
FNDA:0,(anonymous_1859)
FNDA:0,(anonymous_1860)
FNDA:0,(anonymous_1861)
FNDA:0,(anonymous_1862)
FNDA:0,(anonymous_1863)
FNDA:0,(anonymous_1864)
FNDA:0,(anonymous_1865)
FNDA:0,(anonymous_1866)
FNDA:0,(anonymous_1867)
FNDA:0,(anonymous_1868)
FNDA:0,(anonymous_1869)
FNDA:0,(anonymous_1870)
FNDA:0,(anonymous_1871)
FNDA:0,(anonymous_1872)
FNDA:0,(anonymous_1873)
FNDA:0,(anonymous_1874)
FNDA:0,(anonymous_1875)
FNDA:0,(anonymous_1876)
FNDA:0,(anonymous_1877)
FNDA:0,(anonymous_1878)
FNDA:0,(anonymous_1879)
FNDA:0,(anonymous_1880)
FNDA:0,(anonymous_1881)
FNDA:0,(anonymous_1882)
FNDA:0,(anonymous_1883)
FNDA:0,(anonymous_1884)
FNDA:0,(anonymous_1885)
FNDA:0,(anonymous_1886)
FNDA:0,(anonymous_1887)
FNDA:0,(anonymous_1888)
FNDA:0,(anonymous_1889)
FNDA:0,b
FNDA:0,(anonymous_1891)
FNDA:0,(anonymous_1892)
FNDA:0,_
FNDA:0,w
FNDA:0,x
FNDA:0,E
FNDA:0,(anonymous_1897)
FNDA:0,k
FNDA:0,(anonymous_1899)
FNDA:0,S
FNDA:0,(anonymous_1901)
FNDA:0,(anonymous_1902)
FNDA:0,t
FNDA:0,(anonymous_1904)
FNDA:0,(anonymous_1905)
FNDA:0,(anonymous_1906)
FNDA:0,(anonymous_1907)
FNDA:0,(anonymous_1908)
FNDA:0,C
FNDA:0,(anonymous_1910)
FNDA:0,(anonymous_1911)
FNDA:0,P
FNDA:0,M
FNDA:0,j
FNDA:0,(anonymous_1915)
FNDA:0,D
FNDA:0,(anonymous_1917)
FNDA:0,A
FNDA:0,(anonymous_1919)
FNDA:0,(anonymous_1920)
FNDA:0,t
FNDA:0,(anonymous_1922)
FNDA:0,(anonymous_1923)
FNDA:0,(anonymous_1924)
FNDA:0,(anonymous_1925)
FNDA:0,(anonymous_1926)
FNDA:0,(anonymous_1927)
FNDA:0,(anonymous_1928)
FNDA:0,(anonymous_1929)
FNDA:0,(anonymous_1930)
FNDA:0,(anonymous_1931)
FNDA:0,(anonymous_1932)
FNDA:0,B
FNDA:0,q
FNDA:0,(anonymous_1935)
FNDA:0,(anonymous_1936)
FNDA:0,Q
FNDA:0,G
FNDA:0,X
FNDA:0,(anonymous_1940)
FNDA:0,K
FNDA:0,(anonymous_1942)
FNDA:0,J
FNDA:0,(anonymous_1944)
FNDA:0,(anonymous_1945)
FNDA:0,t
FNDA:0,(anonymous_1947)
FNDA:0,(anonymous_1948)
FNDA:0,(anonymous_1949)
FNDA:0,(anonymous_1950)
FNDA:0,ue
FNDA:0,(anonymous_1952)
FNDA:0,(anonymous_1953)
FNDA:0,ce
FNDA:0,fe
FNDA:0,de
FNDA:0,(anonymous_1957)
FNDA:0,pe
FNDA:0,(anonymous_1959)
FNDA:0,he
FNDA:0,(anonymous_1961)
FNDA:0,(anonymous_1962)
FNDA:0,t
FNDA:0,(anonymous_1964)
FNDA:0,(anonymous_1965)
FNDA:0,ye
FNDA:0,(anonymous_1967)
FNDA:0,(anonymous_1968)
FNDA:0,be
FNDA:0,_e
FNDA:0,we
FNDA:0,xe
FNDA:0,Ee
FNDA:0,ke
FNDA:0,(anonymous_1975)
FNDA:0,Se
FNDA:0,(anonymous_1977)
FNDA:0,Oe
FNDA:0,(anonymous_1979)
FNDA:0,Te
FNDA:0,(anonymous_1981)
FNDA:0,v
FNDA:0,g
FNDA:0,(anonymous_1984)
FNDA:0,(anonymous_1985)
FNDA:0,(anonymous_1986)
FNDA:0,(anonymous_1987)
FNDA:0,(anonymous_1988)
FNDA:0,(anonymous_1989)
FNDA:0,(anonymous_1990)
FNDA:0,(anonymous_1991)
FNDA:0,(anonymous_1992)
FNDA:0,(anonymous_1993)
FNDA:0,(anonymous_1994)
FNDA:0,e
FNDA:0,(anonymous_1996)
FNDA:0,e
FNDA:0,(anonymous_1998)
FNDA:0,(anonymous_1999)
FNDA:0,(anonymous_2000)
FNDA:0,(anonymous_2001)
FNDA:0,He
FNDA:0,t
FNDA:0,(anonymous_2004)
FNDA:0,Ve
FNDA:0,(anonymous_2006)
FNDA:0,We
FNDA:0,(anonymous_2008)
FNDA:0,(anonymous_2009)
FNDA:0,(anonymous_2010)
FNDA:0,Ye
FNDA:0,(anonymous_2012)
FNDA:0,(anonymous_2013)
FNDA:0,Qe
FNDA:0,Ke
FNDA:0,Je
FNDA:0,(anonymous_2017)
FNDA:0,Ze
FNDA:0,(anonymous_2019)
FNDA:0,et
FNDA:0,tt
FNDA:0,(anonymous_2022)
FNDA:0,(anonymous_2023)
FNDA:0,(anonymous_2024)
FNDA:0,(anonymous_2025)
FNDA:0,ot
FNDA:0,(anonymous_2027)
FNDA:0,o
FNDA:0,(anonymous_2029)
FNDA:0,(anonymous_2030)
FNDA:0,(anonymous_2031)
FNDA:0,it
FNDA:0,(anonymous_2033)
FNDA:0,(anonymous_2034)
FNDA:0,at
FNDA:0,(anonymous_2036)
FNDA:0,(anonymous_2037)
FNDA:0,(anonymous_2038)
FNDA:0,gt
FNDA:0,yt
FNDA:0,bt
FNDA:0,wt
FNDA:0,xt
FNDA:0,Et
FNDA:0,n
FNDA:0,(anonymous_2046)
FNDA:0,(anonymous_2047)
FNDA:0,(anonymous_2048)
FNDA:0,(anonymous_2049)
[...]
BRDA:2,3327,0,0
BRDA:2,3327,1,0
BRDA:2,3328,0,0
BRDA:2,3328,1,0
BRDA:2,3329,0,0
BRDA:2,3329,1,0
BRDA:2,3330,0,0
BRDA:2,3330,1,0
BRDA:2,3331,0,0
BRDA:2,3331,1,0
BRDA:2,3332,0,0
BRDA:2,3332,1,0
BRDA:2,3333,0,0
BRDA:2,3333,1,0
BRDA:2,3334,0,0
BRDA:2,3334,1,0
BRDA:2,3334,2,0
BRDA:2,3335,0,0
BRDA:2,3335,1,0
BRDA:2,3336,0,0
BRDA:2,3336,1,0
BRDA:2,3337,0,0
BRDA:2,3337,1,0
BRDA:2,3338,0,0
BRDA:2,3338,1,0
BRDA:2,3339,0,0
BRDA:2,3339,1,0
BRDA:2,3340,0,0
BRDA:2,3340,1,0
BRDA:2,3341,0,0
BRDA:2,3341,1,0
BRDA:2,3342,0,0
BRDA:2,3342,1,0
BRDA:2,3343,0,0
BRDA:2,3343,1,0
BRDA:2,3344,0,0
BRDA:2,3344,1,0
BRDA:2,3345,0,0
BRDA:2,3345,1,0
BRDA:2,3346,0,0
BRDA:2,3346,1,0
BRDA:2,3347,0,0
BRDA:2,3347,1,0
BRDA:2,3348,0,0
BRDA:2,3348,1,0
BRDA:2,3349,0,0
BRDA:2,3349,1,0
BRDA:2,3350,0,0
BRDA:2,3350,1,0
BRDA:2,3351,0,0
BRDA:2,3351,1,0
BRDA:2,3352,0,0
BRDA:2,3352,1,0
BRDA:2,3353,0,0
BRDA:2,3353,1,0
BRDA:2,3353,2,0
BRDA:2,3353,3,0
BRDA:2,3353,4,0
BRDA:2,3353,5,0
BRDA:2,3354,0,0
BRDA:2,3354,1,0
BRDA:2,3354,2,0
BRDA:2,3354,3,0
BRDA:2,3355,0,0
BRDA:2,3355,1,0
BRDA:2,3356,0,0
BRDA:2,3356,1,0
BRDA:2,3356,2,0
BRDA:2,3356,3,0
BRDA:2,3356,4,0
BRDA:2,3356,5,0
BRDA:2,3356,6,0
BRDA:2,3356,7,0
BRDA:2,3356,8,0
BRDA:2,3356,9,0
BRDA:2,3356,10,0
BRDA:2,3356,11,0
BRDA:2,3356,12,0
BRDA:2,3356,13,0
BRDA:2,3357,0,0
BRDA:2,3357,1,0
BRDA:2,3358,0,0
BRDA:2,3358,1,0
BRDA:2,3358,2,0
BRDA:2,3359,0,0
BRDA:2,3359,1,0
BRDA:2,3359,2,0
BRDA:2,3359,3,0
BRDA:2,3360,0,0
BRDA:2,3360,1,0
BRDA:2,3361,0,0
BRDA:2,3361,1,0
BRDA:2,3362,0,0
BRDA:2,3362,1,0
BRDA:2,3362,2,0
BRDA:2,3363,0,0
BRDA:2,3363,1,0
BRDA:2,3364,0,0
BRDA:2,3364,1,0
BRDA:2,3365,0,0
BRDA:2,3365,1,0
BRDA:2,3366,0,0
BRDA:2,3366,1,0
BRDA:2,3367,0,0
BRDA:2,3367,1,0
BRDA:2,3367,2,0
BRDA:2,3367,3,0
BRDA:2,3367,4,0
BRDA:2,3367,5,0
BRDA:2,3367,6,0
BRDA:2,3368,0,0
BRDA:2,3368,1,0
BRDA:2,3369,0,0
BRDA:2,3369,1,0
BRDA:2,3370,0,0
BRDA:2,3370,1,0
BRDA:2,3371,0,0
BRDA:2,3371,1,0
BRDA:2,3372,0,0
BRDA:2,3372,1,0
BRDA:2,3373,0,0
BRDA:2,3373,1,0
BRDA:2,3374,0,0
BRDA:2,3374,1,0
BRDA:2,3375,0,0
BRDA:2,3375,1,0
BRDA:2,3376,0,0
BRDA:2,3376,1,0
BRDA:2,3377,0,0
BRDA:2,3377,1,0
BRDA:2,3378,0,0
BRDA:2,3378,1,0
BRDA:2,3378,2,0
BRDA:2,3378,3,0
BRDA:2,3379,0,0
BRDA:2,3379,1,0
BRDA:2,3380,0,0
BRDA:2,3380,1,0
BRDA:2,3381,0,0
BRDA:2,3381,1,0
BRDA:2,3381,2,0
BRDA:2,3381,3,0
BRDA:2,3382,0,0
BRDA:2,3382,1,0
BRDA:2,3383,0,0
BRDA:2,3383,1,0
BRDA:2,3384,0,0
BRDA:2,3384,1,0
BRDA:2,3385,0,0
BRDA:2,3385,1,0
BRDA:2,3386,0,0
BRDA:2,3386,1,0
BRDA:2,3387,0,0
BRDA:2,3387,1,0
BRDA:2,3388,0,0
BRDA:2,3388,1,0
BRDA:2,3389,0,0
BRDA:2,3389,1,0
BRDA:2,3390,0,0
BRDA:2,3390,1,0
BRDA:2,3391,0,0
BRDA:2,3391,1,0
BRDA:2,3392,0,0
BRDA:2,3392,1,0
BRDA:2,3393,0,0
BRDA:2,3393,1,0
BRDA:2,3394,0,0
BRDA:2,3394,1,0
BRDA:2,3395,0,0
BRDA:2,3395,1,0
BRDA:2,3396,0,0
BRDA:2,3396,1,0
BRDA:2,3397,0,0
BRDA:2,3397,1,0
BRDA:2,3398,0,0
BRDA:2,3398,1,0
BRDA:2,3399,0,0
BRDA:2,3399,1,0
BRDA:2,3400,0,0
BRDA:2,3400,1,0
BRDA:2,3401,0,0
BRDA:2,3401,1,0
BRDA:2,3402,0,0
BRDA:2,3402,1,0
BRDA:2,3403,0,0
BRDA:2,3403,1,0
BRDA:2,3404,0,0
BRDA:2,3404,1,0
BRDA:2,3405,0,0
BRDA:2,3405,1,0
BRDA:2,3405,2,0
BRDA:2,3405,3,0
BRDA:2,3405,4,0
BRDA:2,3406,0,0
BRDA:2,3406,1,0
BRDA:2,3407,0,0
BRDA:2,3407,1,0
BRDA:2,3408,0,0
BRDA:2,3408,1,0
BRDA:2,3409,0,0
BRDA:2,3409,1,0
BRDA:2,3410,0,0
BRDA:2,3410,1,0
BRDA:2,3411,0,0
BRDA:2,3411,1,0
BRDA:2,3412,0,0
BRDA:2,3412,1,0
BRDA:2,3413,0,0
BRDA:2,3413,1,0
BRDA:2,3414,0,0
BRDA:2,3414,1,0
BRDA:2,3415,0,0
BRDA:2,3415,1,0
BRDA:2,3416,0,0
BRDA:2,3416,1,0
BRDA:2,3417,0,0
BRDA:2,3417,1,0
BRDA:2,3418,0,0
BRDA:2,3418,1,0
BRDA:2,3419,0,0
BRDA:2,3419,1,0
BRDA:2,3420,0,0
BRDA:2,3420,1,0
BRDA:2,3420,2,0
BRDA:2,3421,0,0
BRDA:2,3421,1,0
BRDA:2,3422,0,0
BRDA:2,3422,1,0
BRDA:2,3423,0,0
BRDA:2,3423,1,0
BRDA:2,3423,2,0
BRDA:2,3423,3,0
BRDA:2,3424,0,0
BRDA:2,3424,1,0
BRDA:2,3425,0,0
BRDA:2,3425,1,0
BRDA:2,3426,0,0
BRDA:2,3426,1,0
BRDA:2,3427,0,0
BRDA:2,3427,1,0
BRDA:2,3428,0,0
BRDA:2,3428,1,0
BRDA:2,3429,0,0
BRDA:2,3429,1,0
BRDA:2,3430,0,0
BRDA:2,3430,1,0
BRDA:2,3431,0,0
BRDA:2,3431,1,0
BRDA:2,3432,0,0
BRDA:2,3432,1,0
BRDA:2,3433,0,0
BRDA:2,3433,1,0
BRDA:2,3434,0,0
BRDA:2,3434,1,0
BRDA:2,3434,2,0
BRDA:2,3434,3,0
BRDA:2,3434,4,0
BRDA:2,3434,5,0
BRDA:2,3435,0,0
BRDA:2,3435,1,0
BRDA:2,3435,2,0
BRDA:2,3435,3,0
BRDA:2,3435,4,0
BRDA:2,3435,5,0
BRDA:2,3436,0,0
BRDA:2,3436,1,0
BRDA:2,3437,0,0
BRDA:2,3437,1,0
BRDA:2,3438,0,0
BRDA:2,3438,1,0
BRDA:2,3439,0,0
BRDA:2,3439,1,0
BRDA:2,3440,0,0
BRDA:2,3440,1,0
BRDA:2,3441,0,0
BRDA:2,3441,1,0
BRDA:2,3442,0,0
BRDA:2,3442,1,0
BRDA:2,3443,0,0
BRDA:2,3443,1,0
BRDA:2,3444,0,0
BRDA:2,3444,1,0
BRDA:2,3444,2,0
BRDA:2,3445,0,0
BRDA:2,3445,1,0
BRDA:2,3446,0,0
BRDA:2,3446,1,0
BRDA:2,3447,0,0
BRDA:2,3447,1,0
BRDA:2,3448,0,0
BRDA:2,3448,1,0
BRDA:2,3449,0,0
BRDA:2,3449,1,0
BRDA:2,3450,0,0
BRDA:2,3450,1,0
BRDA:2,3451,0,0
BRDA:2,3451,1,0
BRDA:2,3452,0,0
BRDA:2,3452,1,0
BRDA:2,3453,0,0
BRDA:2,3453,1,0
BRDA:2,3454,0,0
BRDA:2,3454,1,0
BRDA:2,3455,0,0
BRDA:2,3455,1,0
BRDA:2,3456,0,0
BRDA:2,3456,1,0
BRDA:2,3457,0,0
BRDA:2,3457,1,0
BRDA:2,3458,0,0
BRDA:2,3458,1,0
BRDA:2,3459,0,0
BRDA:2,3459,1,0
BRDA:2,3460,0,0
BRDA:2,3460,1,0
BRDA:2,3461,0,0
BRDA:2,3461,1,0
BRDA:2,3462,0,0
BRDA:2,3462,1,0
BRDA:2,3462,2,0
BRDA:2,3462,3,0
BRDA:2,3462,4,0
BRDA:2,3463,0,0
BRDA:2,3463,1,0
BRDA:2,3464,0,0
BRDA:2,3464,1,0
BRDA:2,3465,0,0
BRDA:2,3465,1,0
BRDA:2,3466,0,0
BRDA:2,3466,1,0
BRDA:2,3467,0,0
BRDA:2,3467,1,0
BRDA:2,3468,0,0
BRDA:2,3468,1,0
BRDA:2,3469,0,0
BRDA:2,3469,1,0
BRDA:2,3470,0,0
BRDA:2,3470,1,0
BRDA:2,3471,0,0
BRDA:2,3471,1,0
BRDA:2,3472,0,0
BRDA:2,3472,1,0
BRDA:2,3473,0,0
BRDA:2,3473,1,0
BRDA:2,3474,0,0
BRDA:2,3474,1,0
BRDA:2,3475,0,0
BRDA:2,3475,1,0
BRDA:2,3476,0,0
BRDA:2,3476,1,0
BRDA:2,3477,0,0
BRDA:2,3477,1,0
BRDA:2,3478,0,0
BRDA:2,3478,1,0
BRDA:2,3479,0,0
BRDA:2,3479,1,0
BRDA:2,3480,0,0
BRDA:2,3480,1,0
BRDA:2,3481,0,0
BRDA:2,3481,1,0
BRDA:2,3482,0,0
BRDA:2,3482,1,0
BRDA:2,3482,2,0
BRDA:2,3483,0,0
BRDA:2,3483,1,0
BRDA:2,3484,0,0
BRDA:2,3484,1,0
BRDA:2,3485,0,0
BRDA:2,3485,1,0
BRDA:2,3486,0,0
BRDA:2,3486,1,0
BRDA:2,3487,0,0
BRDA:2,3487,1,0
BRDA:2,3488,0,0
BRDA:2,3488,1,0
BRDA:2,3489,0,0
BRDA:2,3489,1,0
BRDA:2,3490,0,0
BRDA:2,3490,1,0
BRDA:2,3491,0,0
BRDA:2,3491,1,0
BRDA:2,3492,0,0
BRDA:2,3492,1,0
BRDA:2,3493,0,0
BRDA:2,3493,1,0
BRDA:2,3494,0,0
BRDA:2,3494,1,0
BRDA:2,3495,0,0
BRDA:2,3495,1,0
BRDA:2,3496,0,0
BRDA:2,3496,1,0
BRDA:2,3497,0,0
BRDA:2,3497,1,0
BRDA:2,3497,2,0
BRDA:2,3498,0,0
BRDA:2,3498,1,0
BRDA:2,3499,0,0
BRDA:2,3499,1,0
BRDA:2,3500,0,0
BRDA:2,3500,1,0
BRDA:2,3501,0,0
BRDA:2,3501,1,0
BRDA:2,3502,0,0
BRDA:2,3502,1,0
BRDA:2,3503,0,0
BRDA:2,3503,1,0
BRDA:2,3504,0,0
BRDA:2,3504,1,0
BRDA:2,3505,0,0
BRDA:2,3505,1,0
BRDA:2,3506,0,0
BRDA:2,3506,1,0
BRDA:2,3507,0,0
BRDA:2,3507,1,0
BRDA:2,3508,0,0
BRDA:2,3508,1,0
BRDA:2,3509,0,0
BRDA:2,3509,1,0
BRDA:2,3510,0,0
BRDA:2,3510,1,0
BRDA:2,3511,0,0
BRDA:2,3511,1,0
BRDA:2,3512,0,0
BRDA:2,3512,1,0
BRDA:2,3513,0,0
BRDA:2,3513,1,0
BRDA:2,3514,0,0
BRDA:2,3514,1,0
BRDA:2,3515,0,0
BRDA:2,3515,1,0
BRDA:2,3516,0,0
BRDA:2,3516,1,0
BRDA:2,3517,0,0
BRDA:2,3517,1,0
BRDA:2,3517,2,0
BRDA:2,3517,3,0
BRDA:2,3518,0,0
BRDA:2,3518,1,0
BRDA:2,3519,0,0
BRDA:2,3519,1,0
BRDA:2,3520,0,0
BRDA:2,3520,1,0
BRDA:2,3521,0,0
BRDA:2,3521,1,0
BRDA:2,3522,0,0
BRDA:2,3522,1,0
BRDA:2,3522,2,0
BRDA:2,3523,0,0
BRDA:2,3523,1,0
BRDA:2,3524,0,0
BRDA:2,3524,1,0
BRDA:2,3525,0,0
BRDA:2,3525,1,0
BRDA:2,3526,0,0
BRDA:2,3526,1,0
BRDA:2,3527,0,0
BRDA:2,3527,1,0
BRDA:2,3528,0,0
BRDA:2,3528,1,0
BRDA:2,3529,0,0
BRDA:2,3529,1,0
BRDA:2,3530,0,0
BRDA:2,3530,1,0
BRDA:2,3531,0,0
BRDA:2,3531,1,0
BRDA:2,3532,0,0
BRDA:2,3532,1,0
BRDA:2,3533,0,0
BRDA:2,3533,1,0
BRDA:2,3534,0,0
BRDA:2,3534,1,0
BRDA:2,3535,0,0
BRDA:2,3535,1,0
BRDA:2,3536,0,0
BRDA:2,3536,1,0
BRDA:2,3537,0,0
BRDA:2,3537,1,0
BRDA:2,3538,0,0
BRDA:2,3538,1,0
BRDA:2,3539,0,0
BRDA:2,3539,1,0
BRDA:2,3539,2,0
BRDA:2,3539,3,0
BRDA:2,3540,0,0
BRDA:2,3540,1,0
BRDA:2,3541,0,0
BRDA:2,3541,1,0
BRDA:2,3542,0,0
BRDA:2,3542,1,0
BRDA:2,3543,0,0
BRDA:2,3543,1,0
BRDA:2,3544,0,0
BRDA:2,3544,1,0
BRDA:2,3545,0,0
BRDA:2,3545,1,0
BRDA:2,3546,0,0
BRDA:2,3546,1,0
BRDA:2,3546,2,0
BRDA:2,3547,0,0
BRDA:2,3547,1,0
BRDA:2,3548,0,0
BRDA:2,3548,1,0
BRDA:2,3549,0,0
BRDA:2,3549,1,0
BRDA:2,3550,0,0
BRDA:2,3550,1,0
BRDA:2,3551,0,0
BRDA:2,3551,1,0
BRDA:2,3552,0,0
BRDA:2,3552,1,0
BRDA:2,3553,0,0
BRDA:2,3553,1,0
BRDA:2,3554,0,0
BRDA:2,3554,1,0
BRDA:2,3555,0,0
BRDA:2,3555,1,0
BRDA:2,3555,2,0
BRDA:2,3556,0,0
BRDA:2,3556,1,0
BRDA:2,3557,0,0
BRDA:2,3557,1,0
BRDA:2,3558,0,0
BRDA:2,3558,1,0
BRDA:2,3559,0,0
BRDA:2,3559,1,0
BRDA:2,3560,0,0
BRDA:2,3560,1,0
BRDA:2,3561,0,0
BRDA:2,3561,1,0
BRDA:2,3562,0,0
BRDA:2,3562,1,0
BRDA:2,3563,0,0
BRDA:2,3563,1,0
BRDA:2,3564,0,0
BRDA:2,3564,1,0
BRDA:2,3565,0,0
BRDA:2,3565,1,0
BRDA:2,3566,0,0
BRDA:2,3566,1,0
BRDA:2,3567,0,0
BRDA:2,3567,1,0
BRDA:2,3568,0,0
BRDA:2,3568,1,0
BRDA:2,3569,0,0
BRDA:2,3569,1,0
BRDA:2,3569,2,0
BRDA:2,3569,3,0
BRDA:2,3570,0,0
BRDA:2,3570,1,0
BRDA:2,3571,0,0
BRDA:2,3571,1,0
BRDA:2,3572,0,0
BRDA:2,3572,1,0
BRDA:2,3573,0,0
BRDA:2,3573,1,0
BRDA:2,3574,0,0
BRDA:2,3574,1,0
BRDA:2,3575,0,0
BRDA:2,3575,1,0
BRDA:2,3576,0,0
BRDA:2,3576,1,0
BRDA:2,3576,2,0
BRDA:2,3577,0,0
BRDA:2,3577,1,0
BRDA:2,3578,0,0
BRDA:2,3578,1,0
BRDA:2,3579,0,0
BRDA:2,3579,1,0
BRDA:2,3580,0,0
BRDA:2,3580,1,0
BRDA:2,3581,0,0
BRDA:2,3581,1,0
BRDA:2,3582,0,0
BRDA:2,3582,1,0
BRDA:2,3583,0,0
BRDA:2,3583,1,0
BRDA:2,3584,0,0
BRDA:2,3584,1,0
BRDA:2,3585,0,0
BRDA:2,3585,1,0
BRDA:2,3586,0,0
BRDA:2,3586,1,0
BRDA:2,3587,0,0
BRDA:2,3587,1,0
BRDA:2,3588,0,0
BRDA:2,3588,1,0
BRDA:2,3589,0,0
BRDA:2,3589,1,0
BRDA:2,3590,0,0
BRDA:2,3590,1,0
BRDA:2,3591,0,0
BRDA:2,3591,1,0
BRDA:2,3591,2,0
BRDA:2,3591,3,0
BRDA:2,3592,0,0
BRDA:2,3592,1,0
BRDA:2,3593,0,0
BRDA:2,3593,1,0
BRDA:2,3594,0,0
BRDA:2,3594,1,0
BRDA:2,3595,0,0
BRDA:2,3595,1,0
BRDA:2,3596,0,0
BRDA:2,3596,1,0
BRDA:2,3597,0,0
BRDA:2,3597,1,0
BRDA:2,3598,0,0
BRDA:2,3598,1,0
BRDA:2,3598,2,0
BRDA:2,3599,0,0
BRDA:2,3599,1,0
BRDA:2,3600,0,0
BRDA:2,3600,1,0
BRDA:2,3601,0,0
BRDA:2,3601,1,0
BRDA:2,3602,0,0
BRDA:2,3602,1,0
BRDA:2,3603,0,0
BRDA:2,3603,1,0
BRDA:2,3604,0,0
BRDA:2,3604,1,0
BRDA:2,3605,0,0
BRDA:2,3605,1,0
BRDA:2,3606,0,0
BRDA:2,3606,1,0
BRDA:2,3607,0,0
BRDA:2,3607,1,0
BRDA:2,3608,0,0
BRDA:2,3608,1,0
BRDA:2,3609,0,0
BRDA:2,3609,1,0
BRDA:2,3609,2,0
BRDA:2,3610,0,0
BRDA:2,3610,1,0
BRDA:2,3610,2,0
BRDA:2,3610,3,0
BRDA:2,3611,0,0
BRDA:2,3611,1,0
BRDA:2,3611,2,0
BRDA:2,3611,3,0
BRDA:2,3611,4,0
BRDA:2,3612,0,0
BRDA:2,3612,1,0
BRDA:2,3612,2,0
BRDA:2,3613,0,0
BRDA:2,3613,1,0
BRDA:2,3614,0,0
BRDA:2,3614,1,0
BRDA:2,3615,0,0
BRDA:2,3615,1,0
BRDA:2,3616,0,0
BRDA:2,3616,1,0
BRDA:2,3617,0,0
BRDA:2,3617,1,0
BRDA:2,3617,2,0
BRDA:2,3618,0,0
BRDA:2,3618,1,0
BRDA:2,3618,2,0
BRDA:2,3619,0,0
BRDA:2,3619,1,0
BRDA:2,3619,2,0
BRDA:2,3620,0,0
BRDA:2,3620,1,0
BRDA:2,3620,2,0
BRDA:2,3621,0,0
BRDA:2,3621,1,0
BRDA:2,3621,2,0
BRDA:2,3621,3,0
BRDA:2,3621,4,0
BRDA:2,3621,5,0
BRDA:2,3622,0,0
BRDA:2,3622,1,0
BRDA:2,3623,0,0
BRDA:2,3623,1,0
BRDA:2,3624,0,0
BRDA:2,3624,1,0
BRDA:2,3625,0,0
BRDA:2,3625,1,0
BRDA:2,3626,0,0
BRDA:2,3626,1,0
BRDA:2,3627,0,0
BRDA:2,3627,1,0
BRDA:2,3628,0,0
BRDA:2,3628,1,0
BRDA:2,3628,2,0
BRDA:2,3629,0,0
BRDA:2,3629,1,0
BRDA:2,3630,0,0
BRDA:2,3630,1,0
BRDA:2,3631,0,0
BRDA:2,3631,1,0
BRDA:2,3632,0,0
BRDA:2,3632,1,0
BRDA:2,3633,0,0
BRDA:2,3633,1,0
BRDA:2,3634,0,0
BRDA:2,3634,1,0
BRDA:2,3635,0,0
BRDA:2,3635,1,0
BRDA:2,3636,0,0
BRDA:2,3636,1,0
BRDA:2,3637,0,0
BRDA:2,3637,1,0
BRDA:2,3638,0,0
BRDA:2,3638,1,0
BRDA:2,3639,0,0
BRDA:2,3639,1,0
BRDA:2,3640,0,0
BRDA:2,3640,1,0
BRDA:2,3641,0,0
BRDA:2,3641,1,0
BRDA:2,3642,0,0
BRDA:2,3642,1,0
BRDA:2,3643,0,0
BRDA:2,3643,1,0
BRDA:2,3644,0,0
BRDA:2,3644,1,0
BRDA:2,3644,2,0
BRDA:2,3644,3,0
BRDA:2,3645,0,0
BRDA:2,3645,1,0
BRDA:2,3646,0,0
BRDA:2,3646,1,0
BRDA:2,3647,0,0
BRDA:2,3647,1,0
BRDA:2,3648,0,0
BRDA:2,3648,1,0
BRDA:2,3649,0,0
BRDA:2,3649,1,0
BRDA:2,3650,0,0
BRDA:2,3650,1,0
BRDA:2,3651,0,0
BRDA:2,3651,1,0
BRDA:2,3652,0,0
BRDA:2,3652,1,0
BRDA:2,3653,0,0
BRDA:2,3653,1,0
BRDA:2,3653,2,0
BRDA:2,3654,0,0
BRDA:2,3654,1,0
BRDA:2,3655,0,0
BRDA:2,3655,1,0
BRDA:2,3656,0,0
BRDA:2,3656,1,0
BRDA:2,3657,0,0
BRDA:2,3657,1,0
BRDA:2,3658,0,0
BRDA:2,3658,1,0
BRDA:2,3659,0,0
BRDA:2,3659,1,0
BRDA:2,3659,2,0
BRDA:2,3659,3,0
BRDA:2,3659,4,0
BRDA:2,3659,5,0
BRDA:2,3660,0,0
BRDA:2,3660,1,0
BRDA:2,3660,2,0
BRDA:2,3660,3,0
BRDA:2,3660,4,0
BRDA:2,3661,0,0
BRDA:2,3661,1,0
BRDA:2,3662,0,0
BRDA:2,3662,1,0
BRDA:2,3663,0,0
BRDA:2,3663,1,0
BRDA:2,3664,0,0
BRDA:2,3664,1,0
BRDA:2,3665,0,0
BRDA:2,3665,1,0
BRDA:2,3666,0,0
BRDA:2,3666,1,0
BRDA:2,3667,0,0
BRDA:2,3667,1,0
BRDA:2,3668,0,0
BRDA:2,3668,1,0
BRDA:2,3669,0,0
BRDA:2,3669,1,0
BRDA:2,3670,0,0
BRDA:2,3670,1,0
BRDA:2,3671,0,0
BRDA:2,3671,1,0
BRDA:2,3672,0,0
BRDA:2,3672,1,0
BRDA:2,3673,0,0
BRDA:2,3673,1,0
BRDA:2,3674,0,0
BRDA:2,3674,1,0
BRDA:2,3675,0,0
BRDA:2,3675,1,0
BRDA:2,3676,0,0
BRDA:2,3676,1,0
BRDA:2,3677,0,0
BRDA:2,3677,1,0
BRDA:2,3678,0,0
BRDA:2,3678,1,0
BRDA:2,3679,0,0
BRDA:2,3679,1,0
BRDA:2,3680,0,0
BRDA:2,3680,1,0
BRDA:2,3680,2,0
BRDA:2,3680,3,0
BRDA:2,3681,0,0
BRDA:2,3681,1,0
BRDA:2,3682,0,0
BRDA:2,3682,1,0
BRDA:2,3683,0,0
BRDA:2,3683,1,0
BRDA:2,3684,0,0
BRDA:2,3684,1,0
BRDA:2,3685,0,0
BRDA:2,3685,1,0
BRDA:2,3686,0,0
BRDA:2,3686,1,0
BRDA:2,3686,2,0
BRDA:2,3687,0,0
BRDA:2,3687,1,0
BRDA:2,3688,0,0
BRDA:2,3688,1,0
BRDA:2,3689,0,0
BRDA:2,3689,1,0
BRDA:2,3690,0,0
BRDA:2,3690,1,0
BRDA:2,3691,0,0
BRDA:2,3691,1,0
BRDA:2,3692,0,0
BRDA:2,3692,1,0
BRDA:2,3693,0,0
BRDA:2,3693,1,0
BRDA:2,3694,0,0
BRDA:2,3694,1,0
BRDA:2,3695,0,0
BRDA:2,3695,1,0
BRDA:2,3696,0,0
BRDA:2,3696,1,0
BRDA:2,3696,2,0
BRDA:2,3696,3,0
BRDA:2,3697,0,0
BRDA:2,3697,1,0
BRDA:2,3698,0,0
BRDA:2,3698,1,0
BRDA:2,3699,0,0
BRDA:2,3699,1,0
BRDA:2,3700,0,0
BRDA:2,3700,1,0
BRDA:2,3701,0,0
BRDA:2,3701,1,0
BRDA:2,3702,0,0
BRDA:2,3702,1,0
BRDA:2,3703,0,0
BRDA:2,3703,1,0
BRDA:2,3704,0,0
BRDA:2,3704,1,0
BRDA:2,3705,0,0
BRDA:2,3705,1,0
BRDA:2,3706,0,0
BRDA:2,3706,1,0
BRDA:2,3707,0,0
BRDA:2,3707,1,0
BRDA:2,3707,2,0
BRDA:2,3708,0,0
BRDA:2,3708,1,0
BRDA:2,3709,0,0
BRDA:2,3709,1,0
BRDA:2,3710,0,0
BRDA:2,3710,1,0
BRDA:2,3711,0,0
BRDA:2,3711,1,0
BRDA:2,3712,0,0
BRDA:2,3712,1,0
BRDA:2,3713,0,0
BRDA:2,3713,1,0
BRDA:2,3714,0,0
BRDA:2,3714,1,0
BRDA:2,3715,0,0
BRDA:2,3715,1,0
BRDA:2,3715,2,0
BRDA:2,3715,3,0
BRDA:2,3716,0,0
BRDA:2,3716,1,0
BRDA:2,3717,0,0
BRDA:2,3717,1,0
BRDA:2,3718,0,0
BRDA:2,3718,1,0
BRDA:2,3719,0,0
BRDA:2,3719,1,0
BRDA:2,3720,0,0
BRDA:2,3720,1,0
BRDA:2,3720,2,0
BRDA:2,3721,0,0
BRDA:2,3721,1,0
BRDA:2,3722,0,0
BRDA:2,3722,1,0
BRDA:2,3723,0,0
BRDA:2,3723,1,0
BRDA:2,3724,0,0
BRDA:2,3724,1,0
BRDA:2,3725,0,0
BRDA:2,3725,1,0
BRDA:2,3725,2,0
BRDA:2,3726,0,0
BRDA:2,3726,1,0
BRDA:2,3727,0,0
BRDA:2,3727,1,0
BRDA:2,3728,0,0
BRDA:2,3728,1,0
BRDA:2,3729,0,0
BRDA:2,3729,1,0
BRDA:2,3729,2,0
BRDA:2,3730,0,0
BRDA:2,3730,1,0
BRDA:2,3731,0,0
BRDA:2,3731,1,0
BRDA:2,3732,0,0
BRDA:2,3732,1,0
BRDA:2,3733,0,0
BRDA:2,3733,1,0
BRDA:2,3733,2,0
BRDA:2,3734,0,0
BRDA:2,3734,1,0
BRDA:2,3735,0,0
BRDA:2,3735,1,0
BRDA:2,3736,0,0
BRDA:2,3736,1,0
BRDA:2,3737,0,0
BRDA:2,3737,1,0
BRDA:2,3738,0,0
BRDA:2,3738,1,0
BRDA:2,3739,0,0
BRDA:2,3739,1,0
BRDA:2,3740,0,0
BRDA:2,3740,1,0
BRDA:2,3741,0,0
BRDA:2,3741,1,0
BRDA:2,3741,2,0
BRDA:2,3742,0,0
BRDA:2,3742,1,0
BRDA:2,3743,0,0
BRDA:2,3743,1,0
BRDA:2,3744,0,0
BRDA:2,3744,1,0
BRDA:2,3745,0,0
BRDA:2,3745,1,0
BRDA:2,3746,0,0
BRDA:2,3746,1,0
BRDA:2,3747,0,0
BRDA:2,3747,1,0
BRDA:2,3748,0,0
BRDA:2,3748,1,0
BRDA:2,3749,0,0
BRDA:2,3749,1,0
BRDA:2,3750,0,0
BRDA:2,3750,1,0
BRDA:2,3751,0,0
BRDA:2,3751,1,0
BRDA:2,3752,0,0
BRDA:2,3752,1,0
BRDA:2,3753,0,0
BRDA:2,3753,1,0
BRDA:2,3754,0,0
BRDA:2,3754,1,0
BRDA:2,3755,0,0
BRDA:2,3755,1,0
BRDA:2,3756,0,0
BRDA:2,3756,1,0
BRDA:2,3757,0,0
BRDA:2,3757,1,0
BRDA:2,3758,0,0
BRDA:2,3758,1,0
BRDA:2,3759,0,0
BRDA:2,3759,1,0
BRDA:2,3759,2,0
BRDA:2,3759,3,0
BRDA:2,3760,0,0
BRDA:2,3760,1,0
BRDA:2,3761,0,0
BRDA:2,3761,1,0
BRDA:2,3762,0,0
BRDA:2,3762,1,0
BRDA:2,3763,0,0
BRDA:2,3763,1,0
BRDA:2,3764,0,0
BRDA:2,3764,1,0
BRDA:2,3765,0,0
BRDA:2,3765,1,0
BRDA:2,3766,0,0
BRDA:2,3766,1,0
BRDA:2,3767,0,0
BRDA:2,3767,1,0
BRDA:2,3768,0,0
BRDA:2,3768,1,0
BRDA:2,3768,2,0
BRDA:2,3769,0,0
BRDA:2,3769,1,0
BRDA:2,3770,0,0
BRDA:2,3770,1,0
BRDA:2,3771,0,0
BRDA:2,3771,1,0
BRDA:2,3772,0,0
BRDA:2,3772,1,0
BRDA:2,3773,0,0
BRDA:2,3773,1,0
BRDA:2,3774,0,0
BRDA:2,3774,1,0
BRDA:2,3775,0,0
BRDA:2,3775,1,0
BRDA:2,3776,0,0
BRDA:2,3776,1,0
BRDA:2,3777,0,0
BRDA:2,3777,1,0
BRDA:2,3778,0,0
BRDA:2,3778,1,0
BRDA:2,3779,0,0
BRDA:2,3779,1,0
BRDA:2,3780,0,0
BRDA:2,3780,1,0
BRDA:2,3781,0,0
BRDA:2,3781,1,0
BRDA:2,3781,2,0
BRDA:2,3782,0,0
BRDA:2,3782,1,0
BRDA:2,3783,0,0
BRDA:2,3783,1,0
BRDA:2,3784,0,0
BRDA:2,3784,1,0
BRDA:2,3784,2,0
BRDA:2,3785,0,0
BRDA:2,3785,1,0
BRDA:2,3785,2,0
BRDA:2,3785,3,0
BRDA:2,3786,0,0
BRDA:2,3786,1,0
BRDA:2,3787,0,0
BRDA:2,3787,1,0
BRDA:2,3788,0,0
BRDA:2,3788,1,0
BRDA:2,3789,0,0
BRDA:2,3789,1,0
BRDA:2,3790,0,0
BRDA:2,3790,1,0
BRDA:2,3790,2,0
BRDA:2,3791,0,0
BRDA:2,3791,1,0
BRDA:2,3792,0,0
BRDA:2,3792,1,0
BRDA:2,3793,0,0
BRDA:2,3793,1,0
BRDA:2,3793,2,0
BRDA:2,3793,3,0
BRDA:2,3794,0,0
BRDA:2,3794,1,0
BRDA:2,3795,0,0
BRDA:2,3795,1,0
BRDA:2,3796,0,0
BRDA:2,3796,1,0
BRDA:2,3797,0,0
BRDA:2,3797,1,0
BRDA:2,3798,0,0
BRDA:2,3798,1,0
BRDA:2,3798,2,0
BRDA:2,3798,3,0
BRDA:2,3799,0,0
BRDA:2,3799,1,0
BRDA:2,3800,0,0
BRDA:2,3800,1,0
BRDA:2,3801,0,0
BRDA:2,3801,1,0
BRDA:2,3802,0,0
BRDA:2,3802,1,0
BRDA:2,3803,0,0
BRDA:2,3803,1,0
BRDA:2,3803,2,0
BRDA:2,3804,0,0
BRDA:2,3804,1,0
BRDA:2,3805,0,0
BRDA:2,3805,1,0
BRDA:2,3806,0,0
BRDA:2,3806,1,0
BRDA:2,3807,0,0
BRDA:2,3807,1,0
BRDA:2,3808,0,0
BRDA:2,3808,1,0
BRDA:2,3809,0,0
BRDA:2,3809,1,0
BRDA:2,3810,0,0
BRDA:2,3810,1,0
BRDA:2,3811,0,0
BRDA:2,3811,1,0
BRDA:2,3812,0,0
BRDA:2,3812,1,0
BRDA:2,3813,0,0
BRDA:2,3813,1,0
BRDA:2,3814,0,0
BRDA:2,3814,1,0
BRDA:2,3815,0,0
BRDA:2,3815,1,0
BRDA:2,3816,0,0
BRDA:2,3816,1,0
BRDA:2,3817,0,0
BRDA:2,3817,1,0
BRDA:2,3818,0,0
BRDA:2,3818,1,0
BRDA:2,3819,0,0
BRDA:2,3819,1,0
BRDA:2,3820,0,0
BRDA:2,3820,1,0
BRDA:2,3821,0,0
BRDA:2,3821,1,0
BRDA:2,3822,0,0
BRDA:2,3822,1,0
BRDA:2,3822,2,0
BRDA:2,3822,3,0
BRDA:2,3823,0,0
BRDA:2,3823,1,0
BRDA:2,3824,0,0
BRDA:2,3824,1,0
BRDA:2,3825,0,0
BRDA:2,3825,1,0
BRDA:2,3826,0,0
BRDA:2,3826,1,0
BRDA:2,3827,0,0
BRDA:2,3827,1,0
BRDA:2,3827,2,0
BRDA:2,3828,0,0
BRDA:2,3828,1,0
BRDA:2,3829,0,0
BRDA:2,3829,1,0
BRDA:2,3830,0,0
BRDA:2,3830,1,0
BRDA:2,3831,0,0
BRDA:2,3831,1,0
BRDA:2,3832,0,0
BRDA:2,3832,1,0
BRDA:2,3833,0,0
BRDA:2,3833,1,0
BRDA:2,3834,0,0
BRDA:2,3834,1,0
BRDA:2,3835,0,0
BRDA:2,3835,1,0
BRDA:2,3836,0,0
BRDA:2,3836,1,0
BRDA:2,3837,0,0
BRDA:2,3837,1,0
BRDA:2,3838,0,0
BRDA:2,3838,1,0
BRDA:2,3839,0,0
BRDA:2,3839,1,0
BRDA:2,3840,0,0
BRDA:2,3840,1,0
BRDA:2,3841,0,0
BRDA:2,3841,1,0
BRDA:2,3842,0,0
BRDA:2,3842,1,0
BRDA:2,3843,0,0
BRDA:2,3843,1,0
BRDA:2,3844,0,0
BRDA:2,3844,1,0
BRDA:2,3845,0,0
BRDA:2,3845,1,0
BRDA:2,3846,0,0
BRDA:2,3846,1,0
BRDA:2,3847,0,0
BRDA:2,3847,1,0
BRDA:2,3847,2,0
BRDA:2,3848,0,0
BRDA:2,3848,1,0
BRDA:2,3849,0,0
BRDA:2,3849,1,0
BRDA:2,3849,2,0
BRDA:2,3850,0,0
BRDA:2,3850,1,0
BRDA:2,3851,0,0
BRDA:2,3851,1,0
BRDA:2,3852,0,0
BRDA:2,3852,1,0
BRDA:2,3853,0,0
BRDA:2,3853,1,0
BRDA:2,3854,0,0
BRDA:2,3854,1,0
BRDA:2,3855,0,0
BRDA:2,3855,1,0
BRDA:2,3856,0,0
BRDA:2,3856,1,0
BRDA:2,3856,2,0
BRDA:2,3856,3,0
BRDA:2,3856,4,0
BRDA:2,3856,5,0
BRDA:2,3857,0,0
BRDA:2,3857,1,0
BRDA:2,3857,2,0
BRDA:2,3857,3,0
BRDA:2,3857,4,0
BRDA:2,3857,5,0
BRDA:2,3857,6,0
BRDA:2,3857,7,0
BRDA:2,3857,8,0
BRDA:2,3858,0,0
BRDA:2,3858,1,0
BRDA:2,3859,0,0
BRDA:2,3859,1,0
BRDA:2,3860,0,0
BRDA:2,3860,1,0
BRDA:2,3860,2,0
BRDA:2,3860,3,0
BRDA:2,3861,0,0
BRDA:2,3861,1,0
BRDA:2,3862,0,0
BRDA:2,3862,1,0
BRDA:2,3863,0,0
BRDA:2,3863,1,0
BRDA:2,3864,0,0
BRDA:2,3864,1,0
BRDA:2,3865,0,0
BRDA:2,3865,1,0
BRDA:2,3866,0,0
BRDA:2,3866,1,0
BRDA:2,3867,0,0
BRDA:2,3867,1,0
BRDA:2,3868,0,0
BRDA:2,3868,1,0
BRDA:2,3869,0,0
BRDA:2,3869,1,0
BRDA:2,3870,0,0
BRDA:2,3870,1,0
BRDA:2,3871,0,0
BRDA:2,3871,1,0
BRDA:2,3872,0,0
BRDA:2,3872,1,0
BRDA:2,3873,0,0
BRDA:2,3873,1,0
BRDA:2,3874,0,0
BRDA:2,3874,1,0
BRDA:2,3875,0,0
BRDA:2,3875,1,0
BRDA:2,3876,0,0
BRDA:2,3876,1,0
BRDA:2,3877,0,0
BRDA:2,3877,1,0
BRDA:2,3878,0,0
BRDA:2,3878,1,0
BRDA:2,3879,0,0
BRDA:2,3879,1,0
BRDA:2,3880,0,0
BRDA:2,3880,1,0
BRF:8776
BRH:0
end_of_record
TN:
SF:modules/structure.js
FNF:0
FNH:0
LF:0
LH:0
BRF:0
BRH:0
end_of_record
